2023-09-24 21:19:49,723.SmartSmoker_Producer.INFO ==================================================
2023-09-24 21:19:49,738.SmartSmoker_Producer.INFO Today is 2023-09-24 at 09:19 PM
2023-09-24 21:19:49,738.SmartSmoker_Producer.INFO Running on: nt Windows 10
2023-09-24 21:19:49,738.SmartSmoker_Producer.INFO Python version:  3.10.9
2023-09-24 21:19:49,738.SmartSmoker_Producer.INFO Python path: C:\Users\rp150\rp-venv\44671_StreamingData\Module5\streaming-05-smart-smoker\.venv
2023-09-24 21:19:49,738.SmartSmoker_Producer.INFO Working dir: C:\Users\rp150\rp-venv\44671_StreamingData\Module5\streaming-05-smart-smoker
2023-09-24 21:19:49,738.SmartSmoker_Producer.INFO ==================================================
2023-09-24 21:19:58,459.SmartSmoker_Producer.INFO Reading messages from smoker_temps.csv...
2023-09-24 21:19:58,459.SmartSmoker_Producer.INFO --- USER GUIDE: To close the program please select CTRL + c on your keyboard. ---
2023-09-24 21:19:58,460.SmartSmoker_Producer.INFO Prepared binary message b'[5/22/2021 12:20,84.2]'....
2023-09-24 21:19:58,469.SmartSmoker_Producer.INFO Prepared binary message b'[5/22/2021 12:20,No data received from row]'....
2023-09-24 21:19:58,478.SmartSmoker_Producer.INFO Prepared binary message b'[5/22/2021 12:20,No data received from row]'....
2023-09-24 21:20:28,499.SmartSmoker_Producer.INFO Prepared binary message b'[5/22/2021 12:20,84.2]'....
2023-09-24 21:20:28,532.SmartSmoker_Producer.INFO Prepared binary message b'[5/22/2021 12:20,No data received from row]'....
2023-09-24 21:20:28,548.SmartSmoker_Producer.INFO Prepared binary message b'[5/22/2021 12:20,No data received from row]'....
2023-09-24 21:20:58,592.SmartSmoker_Producer.INFO Prepared binary message b'[5/22/2021 12:21,87.6]'....
2023-09-24 21:20:58,627.SmartSmoker_Producer.INFO Prepared binary message b'[5/22/2021 12:21,No data received from row]'....
2023-09-24 21:20:58,653.SmartSmoker_Producer.INFO Prepared binary message b'[5/22/2021 12:21,No data received from row]'....
2023-09-24 21:21:28,668.SmartSmoker_Producer.INFO Prepared binary message b'[5/22/2021 12:21,87.6]'....
2023-09-24 21:21:28,678.SmartSmoker_Producer.INFO Prepared binary message b'[5/22/2021 12:21,No data received from row]'....
2023-09-24 21:21:28,691.SmartSmoker_Producer.INFO Prepared binary message b'[5/22/2021 12:21,No data received from row]'....
2023-09-24 21:21:58,700.SmartSmoker_Producer.INFO Prepared binary message b'[5/22/2021 12:22,86.3]'....
2023-09-24 21:21:58,731.SmartSmoker_Producer.INFO Prepared binary message b'[5/22/2021 12:22,No data received from row]'....
2023-09-24 21:21:58,756.SmartSmoker_Producer.INFO Prepared binary message b'[5/22/2021 12:22,No data received from row]'....
2023-09-24 21:22:28,775.SmartSmoker_Producer.INFO Prepared binary message b'[5/22/2021 12:22,86.3]'....
2023-09-24 21:22:28,808.SmartSmoker_Producer.INFO Prepared binary message b'[5/22/2021 12:22,No data received from row]'....
2023-09-24 21:22:28,819.SmartSmoker_Producer.INFO Prepared binary message b'[5/22/2021 12:22,No data received from row]'....
2023-09-24 21:22:58,834.SmartSmoker_Producer.INFO Prepared binary message b'[5/22/2021 12:23,92.0]'....
2023-09-24 21:22:58,880.SmartSmoker_Producer.INFO Prepared binary message b'[5/22/2021 12:23,No data received from row]'....
2023-09-24 21:22:58,896.SmartSmoker_Producer.INFO Prepared binary message b'[5/22/2021 12:23,No data received from row]'....
2023-09-24 21:23:28,916.SmartSmoker_Producer.INFO Prepared binary message b'[5/22/2021 12:23,92.0]'....
2023-09-24 21:23:28,948.SmartSmoker_Producer.INFO Prepared binary message b'[5/22/2021 12:23,No data received from row]'....
2023-09-24 21:23:28,963.SmartSmoker_Producer.INFO Prepared binary message b'[5/22/2021 12:23,No data received from row]'....
2023-09-24 21:23:59,005.SmartSmoker_Producer.INFO Prepared binary message b'[5/22/2021 12:24,96.8]'....
2023-09-24 21:23:59,024.SmartSmoker_Producer.INFO Prepared binary message b'[5/22/2021 12:24,No data received from row]'....
2023-09-24 21:23:59,057.SmartSmoker_Producer.INFO Prepared binary message b'[5/22/2021 12:24,No data received from row]'....
2023-09-24 21:24:29,085.SmartSmoker_Producer.INFO Prepared binary message b'[5/22/2021 12:24,96.8]'....
2023-09-24 21:24:29,119.SmartSmoker_Producer.INFO Prepared binary message b'[5/22/2021 12:24,No data received from row]'....
2023-09-24 21:24:29,154.SmartSmoker_Producer.INFO Prepared binary message b'[5/22/2021 12:24,No data received from row]'....
2023-09-24 21:24:59,178.SmartSmoker_Producer.INFO Prepared binary message b'[5/22/2021 12:25,100.6]'....
2023-09-24 21:24:59,213.SmartSmoker_Producer.INFO Prepared binary message b'[5/22/2021 12:25,No data received from row]'....
2023-09-24 21:24:59,242.SmartSmoker_Producer.INFO Prepared binary message b'[5/22/2021 12:25,No data received from row]'....
2023-09-24 21:25:29,261.SmartSmoker_Producer.INFO Prepared binary message b'[5/22/2021 12:25,100.9]'....
2023-09-24 21:25:29,295.SmartSmoker_Producer.INFO Prepared binary message b'[5/22/2021 12:25,No data received from row]'....
2023-09-24 21:25:29,313.SmartSmoker_Producer.INFO Prepared binary message b'[5/22/2021 12:25,No data received from row]'....
2023-09-24 21:25:59,357.SmartSmoker_Producer.INFO Prepared binary message b'[5/22/2021 12:25,100.9]'....
2023-09-24 21:25:59,388.SmartSmoker_Producer.INFO Prepared binary message b'[5/22/2021 12:25,No data received from row]'....
2023-09-24 21:25:59,426.SmartSmoker_Producer.INFO Prepared binary message b'[5/22/2021 12:25,No data received from row]'....
2023-09-24 21:26:29,450.SmartSmoker_Producer.INFO Prepared binary message b'[5/22/2021 12:26,104.8]'....
2023-09-24 21:26:29,482.SmartSmoker_Producer.INFO Prepared binary message b'[5/22/2021 12:26,No data received from row]'....
2023-09-24 21:26:29,506.SmartSmoker_Producer.INFO Prepared binary message b'[5/22/2021 12:26,No data received from row]'....
2023-09-24 21:26:59,538.SmartSmoker_Producer.INFO Prepared binary message b'[5/22/2021 12:26,104.8]'....
2023-09-24 21:26:59,556.SmartSmoker_Producer.INFO Prepared binary message b'[5/22/2021 12:26,No data received from row]'....
2023-09-24 21:26:59,579.SmartSmoker_Producer.INFO Prepared binary message b'[5/22/2021 12:26,No data received from row]'....
2023-09-24 21:27:29,594.SmartSmoker_Producer.INFO Prepared binary message b'[5/22/2021 12:27,108.2]'....
2023-09-24 21:27:29,629.SmartSmoker_Producer.INFO Prepared binary message b'[5/22/2021 12:27,No data received from row]'....
2023-09-24 21:27:29,651.SmartSmoker_Producer.INFO Prepared binary message b'[5/22/2021 12:27,No data received from row]'....
2023-09-24 21:27:59,679.SmartSmoker_Producer.INFO Prepared binary message b'[5/22/2021 12:27,108.2]'....
2023-09-24 21:27:59,707.SmartSmoker_Producer.INFO Prepared binary message b'[5/22/2021 12:27,No data received from row]'....
2023-09-24 21:27:59,723.SmartSmoker_Producer.INFO Prepared binary message b'[5/22/2021 12:27,No data received from row]'....
2023-09-24 21:28:29,741.SmartSmoker_Producer.INFO Prepared binary message b'[5/22/2021 12:28,111.4]'....
2023-09-24 21:28:29,768.SmartSmoker_Producer.INFO Prepared binary message b'[5/22/2021 12:28,No data received from row]'....
2023-09-24 21:28:29,795.SmartSmoker_Producer.INFO Prepared binary message b'[5/22/2021 12:28,No data received from row]'....
2023-09-24 21:28:59,837.SmartSmoker_Producer.INFO Prepared binary message b'[5/22/2021 12:28,111.4]'....
2023-09-24 21:28:59,846.SmartSmoker_Producer.INFO Prepared binary message b'[5/22/2021 12:28,No data received from row]'....
2023-09-24 21:28:59,862.SmartSmoker_Producer.INFO Prepared binary message b'[5/22/2021 12:28,No data received from row]'....
2023-09-24 21:29:29,896.SmartSmoker_Producer.INFO Prepared binary message b'[5/22/2021 12:29,114.2]'....
2023-09-24 21:29:29,929.SmartSmoker_Producer.INFO Prepared binary message b'[5/22/2021 12:29,No data received from row]'....
2023-09-24 21:29:29,952.SmartSmoker_Producer.INFO Prepared binary message b'[5/22/2021 12:29,No data received from row]'....
2023-09-24 21:29:59,979.SmartSmoker_Producer.INFO Prepared binary message b'[5/22/2021 12:29,114.2]'....
2023-09-24 21:30:00,013.SmartSmoker_Producer.INFO Prepared binary message b'[5/22/2021 12:29,No data received from row]'....
2023-09-24 21:30:00,041.SmartSmoker_Producer.INFO Prepared binary message b'[5/22/2021 12:29,No data received from row]'....
2023-09-24 21:30:30,056.SmartSmoker_Producer.INFO Prepared binary message b'[5/22/2021 12:30,116.9]'....
2023-09-24 21:30:30,088.SmartSmoker_Producer.INFO Prepared binary message b'[5/22/2021 12:30,No data received from row]'....
2023-09-24 21:30:30,097.SmartSmoker_Producer.INFO Prepared binary message b'[5/22/2021 12:30,No data received from row]'....
2023-09-24 21:31:00,135.SmartSmoker_Producer.INFO Prepared binary message b'[5/22/2021 12:30,116.9]'....
2023-09-24 21:31:00,145.SmartSmoker_Producer.INFO Prepared binary message b'[5/22/2021 12:30,No data received from row]'....
2023-09-24 21:31:00,152.SmartSmoker_Producer.INFO Prepared binary message b'[5/22/2021 12:30,No data received from row]'....
2023-09-24 21:31:30,176.SmartSmoker_Producer.INFO Prepared binary message b'[5/22/2021 12:31,119.4]'....
2023-09-24 21:31:30,208.SmartSmoker_Producer.INFO Prepared binary message b'[5/22/2021 12:31,No data received from row]'....
2023-09-24 21:31:30,222.SmartSmoker_Producer.INFO Prepared binary message b'[5/22/2021 12:31,No data received from row]'....
2023-09-24 21:32:00,247.SmartSmoker_Producer.INFO Prepared binary message b'[5/22/2021 12:31,119.4]'....
2023-09-24 21:32:00,250.SmartSmoker_Producer.INFO Prepared binary message b'[5/22/2021 12:31,No data received from row]'....
2023-09-24 21:32:00,267.SmartSmoker_Producer.INFO Prepared binary message b'[5/22/2021 12:31,No data received from row]'....
2023-09-24 21:32:30,278.SmartSmoker_Producer.INFO Prepared binary message b'[5/22/2021 12:32,120.1]'....
2023-09-24 21:32:30,309.SmartSmoker_Producer.INFO Prepared binary message b'[5/22/2021 12:32,No data received from row]'....
2023-09-24 21:32:30,332.SmartSmoker_Producer.INFO Prepared binary message b'[5/22/2021 12:32,No data received from row]'....
2023-09-24 21:33:00,352.SmartSmoker_Producer.INFO Prepared binary message b'[5/22/2021 12:32,120.1]'....
2023-09-24 21:33:00,384.SmartSmoker_Producer.INFO Prepared binary message b'[5/22/2021 12:32,No data received from row]'....
2023-09-24 21:33:00,417.SmartSmoker_Producer.INFO Prepared binary message b'[5/22/2021 12:32,No data received from row]'....
2023-09-24 21:33:30,431.SmartSmoker_Producer.INFO Prepared binary message b'[5/22/2021 12:33,106.2]'....
2023-09-24 21:33:30,441.SmartSmoker_Producer.INFO Prepared binary message b'[5/22/2021 12:33,No data received from row]'....
2023-09-24 21:33:30,447.SmartSmoker_Producer.INFO Prepared binary message b'[5/22/2021 12:33,No data received from row]'....
2023-09-24 21:34:00,471.SmartSmoker_Producer.INFO Prepared binary message b'[5/22/2021 12:33,106.2]'....
2023-09-24 21:34:00,504.SmartSmoker_Producer.INFO Prepared binary message b'[5/22/2021 12:33,No data received from row]'....
2023-09-24 21:34:00,522.SmartSmoker_Producer.INFO Prepared binary message b'[5/22/2021 12:33,No data received from row]'....
2023-09-24 21:34:30,546.SmartSmoker_Producer.INFO Prepared binary message b'[5/22/2021 12:34,103.5]'....
2023-09-24 21:34:30,580.SmartSmoker_Producer.INFO Prepared binary message b'[5/22/2021 12:34,No data received from row]'....
2023-09-24 21:34:30,601.SmartSmoker_Producer.INFO Prepared binary message b'[5/22/2021 12:34,No data received from row]'....
2023-09-24 21:35:00,648.SmartSmoker_Producer.INFO Prepared binary message b'[5/22/2021 12:34,103.5]'....
2023-09-24 21:35:00,675.SmartSmoker_Producer.INFO Prepared binary message b'[5/22/2021 12:34,No data received from row]'....
2023-09-24 21:35:00,701.SmartSmoker_Producer.INFO Prepared binary message b'[5/22/2021 12:34,No data received from row]'....
2023-09-24 21:35:30,720.SmartSmoker_Producer.INFO Prepared binary message b'[5/22/2021 12:35,105.3]'....
2023-09-24 21:35:30,726.SmartSmoker_Producer.INFO Prepared binary message b'[5/22/2021 12:35,No data received from row]'....
2023-09-24 21:35:30,746.SmartSmoker_Producer.INFO Prepared binary message b'[5/22/2021 12:35,No data received from row]'....
2023-09-24 21:36:00,771.SmartSmoker_Producer.INFO Prepared binary message b'[5/22/2021 12:35,105.3]'....
2023-09-24 21:36:00,785.SmartSmoker_Producer.INFO Prepared binary message b'[5/22/2021 12:35,No data received from row]'....
2023-09-24 21:36:00,792.SmartSmoker_Producer.INFO Prepared binary message b'[5/22/2021 12:35,No data received from row]'....
2023-09-24 21:36:30,814.SmartSmoker_Producer.INFO Prepared binary message b'[5/22/2021 12:36,106.9]'....
2023-09-24 21:36:30,845.SmartSmoker_Producer.INFO Prepared binary message b'[5/22/2021 12:36,No data received from row]'....
2023-09-24 21:36:30,877.SmartSmoker_Producer.INFO Prepared binary message b'[5/22/2021 12:36,No data received from row]'....
2023-09-24 21:37:00,905.SmartSmoker_Producer.INFO Prepared binary message b'[5/22/2021 12:36,106.9]'....
2023-09-24 21:37:00,925.SmartSmoker_Producer.INFO Prepared binary message b'[5/22/2021 12:36,No data received from row]'....
2023-09-24 21:37:00,936.SmartSmoker_Producer.INFO Prepared binary message b'[5/22/2021 12:36,No data received from row]'....
2023-09-24 21:37:30,976.SmartSmoker_Producer.INFO Prepared binary message b'[5/22/2021 12:37,111.9]'....
2023-09-24 21:37:31,009.SmartSmoker_Producer.INFO Prepared binary message b'[5/22/2021 12:37,No data received from row]'....
2023-09-24 21:37:31,022.SmartSmoker_Producer.INFO Prepared binary message b'[5/22/2021 12:37,No data received from row]'....
2023-09-24 21:38:01,054.SmartSmoker_Producer.INFO Prepared binary message b'[5/22/2021 12:37,111.9]'....
2023-09-24 21:38:01,087.SmartSmoker_Producer.INFO Prepared binary message b'[5/22/2021 12:37,No data received from row]'....
2023-09-24 21:38:01,111.SmartSmoker_Producer.INFO Prepared binary message b'[5/22/2021 12:37,No data received from row]'....
2023-09-24 21:38:31,135.SmartSmoker_Producer.INFO Prepared binary message b'[5/22/2021 12:38,114.2]'....
2023-09-24 21:38:31,144.SmartSmoker_Producer.INFO Prepared binary message b'[5/22/2021 12:38,No data received from row]'....
2023-09-24 21:38:31,149.SmartSmoker_Producer.INFO Prepared binary message b'[5/22/2021 12:38,No data received from row]'....
2023-09-24 21:39:01,176.SmartSmoker_Producer.INFO Prepared binary message b'[5/22/2021 12:38,114.2]'....
2023-09-24 21:39:01,209.SmartSmoker_Producer.INFO Prepared binary message b'[5/22/2021 12:38,No data received from row]'....
2023-09-24 21:39:01,235.SmartSmoker_Producer.INFO Prepared binary message b'[5/22/2021 12:38,No data received from row]'....
2023-09-24 21:39:31,265.SmartSmoker_Producer.INFO Prepared binary message b'[5/22/2021 12:39,115.5]'....
2023-09-24 21:39:31,297.SmartSmoker_Producer.INFO Prepared binary message b'[5/22/2021 12:39,No data received from row]'....
2023-09-24 21:39:31,317.SmartSmoker_Producer.INFO Prepared binary message b'[5/22/2021 12:39,No data received from row]'....
2023-09-24 21:40:01,356.SmartSmoker_Producer.INFO Prepared binary message b'[5/22/2021 12:39,115.5]'....
2023-09-24 21:40:01,387.SmartSmoker_Producer.INFO Prepared binary message b'[5/22/2021 12:39,No data received from row]'....
2023-09-24 21:40:01,400.SmartSmoker_Producer.INFO Prepared binary message b'[5/22/2021 12:39,No data received from row]'....
2023-09-24 21:40:31,413.SmartSmoker_Producer.INFO Prepared binary message b'[5/22/2021 12:40,112.6]'....
2023-09-24 21:40:31,439.SmartSmoker_Producer.INFO Prepared binary message b'[5/22/2021 12:40,No data received from row]'....
2023-09-24 21:40:31,460.SmartSmoker_Producer.INFO Prepared binary message b'[5/22/2021 12:40,No data received from row]'....
2023-09-24 21:41:01,481.SmartSmoker_Producer.INFO Prepared binary message b'[5/22/2021 12:40,112.6]'....
2023-09-24 21:41:01,490.SmartSmoker_Producer.INFO Prepared binary message b'[5/22/2021 12:40,No data received from row]'....
2023-09-24 21:41:01,496.SmartSmoker_Producer.INFO Prepared binary message b'[5/22/2021 12:40,No data received from row]'....
2023-09-24 21:41:31,521.SmartSmoker_Producer.INFO Prepared binary message b'[5/22/2021 12:41,118.8]'....
2023-09-24 21:41:31,554.SmartSmoker_Producer.INFO Prepared binary message b'[5/22/2021 12:41,No data received from row]'....
2023-09-24 21:41:31,576.SmartSmoker_Producer.INFO Prepared binary message b'[5/22/2021 12:41,No data received from row]'....
2023-09-24 21:42:01,607.SmartSmoker_Producer.INFO Prepared binary message b'[5/22/2021 12:41,118.8]'....
2023-09-24 21:42:01,640.SmartSmoker_Producer.INFO Prepared binary message b'[5/22/2021 12:41,No data received from row]'....
2023-09-24 21:42:01,650.SmartSmoker_Producer.INFO Prepared binary message b'[5/22/2021 12:41,No data received from row]'....
2023-09-24 21:42:31,679.SmartSmoker_Producer.INFO Prepared binary message b'[5/22/2021 12:42,113.2]'....
2023-09-24 21:42:31,708.SmartSmoker_Producer.INFO Prepared binary message b'[5/22/2021 12:42,No data received from row]'....
2023-09-24 21:42:31,733.SmartSmoker_Producer.INFO Prepared binary message b'[5/22/2021 12:42,No data received from row]'....
2023-09-24 21:43:01,756.SmartSmoker_Producer.INFO Prepared binary message b'[5/22/2021 12:42,113.2]'....
2023-09-24 21:43:01,787.SmartSmoker_Producer.INFO Prepared binary message b'[5/22/2021 12:42,No data received from row]'....
2023-09-24 21:43:01,810.SmartSmoker_Producer.INFO Prepared binary message b'[5/22/2021 12:42,No data received from row]'....
2023-09-24 21:43:31,831.SmartSmoker_Producer.INFO Prepared binary message b'[5/22/2021 12:43,126.7]'....
2023-09-24 21:43:31,839.SmartSmoker_Producer.INFO Prepared binary message b'[5/22/2021 12:43,No data received from row]'....
2023-09-24 21:43:31,847.SmartSmoker_Producer.INFO Prepared binary message b'[5/22/2021 12:43,No data received from row]'....
2023-09-24 21:44:01,860.SmartSmoker_Producer.INFO Prepared binary message b'[5/22/2021 12:43,126.7]'....
2023-09-24 21:44:01,893.SmartSmoker_Producer.INFO Prepared binary message b'[5/22/2021 12:43,No data received from row]'....
2023-09-24 21:44:01,919.SmartSmoker_Producer.INFO Prepared binary message b'[5/22/2021 12:43,No data received from row]'....
2023-09-24 21:44:31,937.SmartSmoker_Producer.INFO Prepared binary message b'[5/22/2021 12:44,130.0]'....
2023-09-24 21:44:31,970.SmartSmoker_Producer.INFO Prepared binary message b'[5/22/2021 12:44,No data received from row]'....
2023-09-24 21:44:31,983.SmartSmoker_Producer.INFO Prepared binary message b'[5/22/2021 12:44,No data received from row]'....
2023-09-24 21:45:02,008.SmartSmoker_Producer.INFO Prepared binary message b'[5/22/2021 12:44,130.0]'....
2023-09-24 21:45:02,042.SmartSmoker_Producer.INFO Prepared binary message b'[5/22/2021 12:44,No data received from row]'....
2023-09-24 21:45:02,063.SmartSmoker_Producer.INFO Prepared binary message b'[5/22/2021 12:44,No data received from row]'....
2023-09-24 21:45:32,084.SmartSmoker_Producer.INFO Prepared binary message b'[5/22/2021 12:45,130.0]'....
2023-09-24 21:45:32,116.SmartSmoker_Producer.INFO Prepared binary message b'[5/22/2021 12:45,No data received from row]'....
2023-09-24 21:45:32,126.SmartSmoker_Producer.INFO Prepared binary message b'[5/22/2021 12:45,No data received from row]'....
2023-09-24 21:46:02,148.SmartSmoker_Producer.INFO Prepared binary message b'[5/22/2021 12:45,130.0]'....
2023-09-24 21:46:02,157.SmartSmoker_Producer.INFO Prepared binary message b'[5/22/2021 12:45,No data received from row]'....
2023-09-24 21:46:02,170.SmartSmoker_Producer.INFO Prepared binary message b'[5/22/2021 12:45,No data received from row]'....
2023-09-24 21:46:32,187.SmartSmoker_Producer.INFO Prepared binary message b'[5/22/2021 12:46,137.3]'....
2023-09-24 21:46:32,219.SmartSmoker_Producer.INFO Prepared binary message b'[5/22/2021 12:46,No data received from row]'....
2023-09-24 21:46:32,231.SmartSmoker_Producer.INFO Prepared binary message b'[5/22/2021 12:46,No data received from row]'....
2023-09-24 21:47:02,263.SmartSmoker_Producer.INFO Prepared binary message b'[5/22/2021 12:46,137.3]'....
2023-09-24 21:47:02,283.SmartSmoker_Producer.INFO Prepared binary message b'[5/22/2021 12:46,No data received from row]'....
2023-09-24 21:47:02,311.SmartSmoker_Producer.INFO Prepared binary message b'[5/22/2021 12:46,No data received from row]'....
2023-09-24 21:47:32,340.SmartSmoker_Producer.INFO Prepared binary message b'[5/22/2021 12:47,139.5]'....
2023-09-24 21:47:32,371.SmartSmoker_Producer.INFO Prepared binary message b'[5/22/2021 12:47,No data received from row]'....
2023-09-24 21:47:32,391.SmartSmoker_Producer.INFO Prepared binary message b'[5/22/2021 12:47,No data received from row]'....
2023-09-24 21:48:02,431.SmartSmoker_Producer.INFO Prepared binary message b'[5/22/2021 12:47,139.5]'....
2023-09-24 21:48:02,440.SmartSmoker_Producer.INFO Prepared binary message b'[5/22/2021 12:47,No data received from row]'....
2023-09-24 21:48:02,452.SmartSmoker_Producer.INFO Prepared binary message b'[5/22/2021 12:47,No data received from row]'....
2023-09-24 21:48:32,465.SmartSmoker_Producer.INFO Prepared binary message b'[5/22/2021 12:48,141.8]'....
2023-09-24 21:48:32,469.SmartSmoker_Producer.INFO Prepared binary message b'[5/22/2021 12:48,No data received from row]'....
2023-09-24 21:48:32,506.SmartSmoker_Producer.INFO Prepared binary message b'[5/22/2021 12:48,No data received from row]'....
2023-09-24 21:49:02,523.SmartSmoker_Producer.INFO Prepared binary message b'[5/22/2021 12:48,141.8]'....
2023-09-24 21:49:02,563.SmartSmoker_Producer.INFO Prepared binary message b'[5/22/2021 12:48,No data received from row]'....
2023-09-24 21:49:02,588.SmartSmoker_Producer.INFO Prepared binary message b'[5/22/2021 12:48,No data received from row]'....
2023-09-24 21:49:32,606.SmartSmoker_Producer.INFO Prepared binary message b'[5/22/2021 12:49,143.6]'....
2023-09-24 21:49:32,638.SmartSmoker_Producer.INFO Prepared binary message b'[5/22/2021 12:49,No data received from row]'....
2023-09-24 21:49:32,644.SmartSmoker_Producer.INFO Prepared binary message b'[5/22/2021 12:49,No data received from row]'....
2023-09-24 21:50:02,683.SmartSmoker_Producer.INFO Prepared binary message b'[5/22/2021 12:49,143.6]'....
2023-09-24 21:50:02,740.SmartSmoker_Producer.INFO Prepared binary message b'[5/22/2021 12:49,No data received from row]'....
2023-09-24 21:50:02,757.SmartSmoker_Producer.INFO Prepared binary message b'[5/22/2021 12:49,No data received from row]'....
2023-09-24 21:50:32,765.SmartSmoker_Producer.INFO Prepared binary message b'[5/22/2021 12:50,145.0]'....
2023-09-24 21:50:32,797.SmartSmoker_Producer.INFO Prepared binary message b'[5/22/2021 12:50,No data received from row]'....
2023-09-24 21:50:32,820.SmartSmoker_Producer.INFO Prepared binary message b'[5/22/2021 12:50,No data received from row]'....
2023-09-24 21:51:02,847.SmartSmoker_Producer.INFO Prepared binary message b'[5/22/2021 12:50,145.0]'....
2023-09-24 21:51:02,879.SmartSmoker_Producer.INFO Prepared binary message b'[5/22/2021 12:50,No data received from row]'....
2023-09-24 21:51:02,900.SmartSmoker_Producer.INFO Prepared binary message b'[5/22/2021 12:50,No data received from row]'....
2023-09-24 21:51:32,923.SmartSmoker_Producer.INFO Prepared binary message b'[5/22/2021 12:51,146.2]'....
2023-09-24 21:51:32,941.SmartSmoker_Producer.INFO Prepared binary message b'[5/22/2021 12:51,No data received from row]'....
2023-09-24 21:51:32,955.SmartSmoker_Producer.INFO Prepared binary message b'[5/22/2021 12:51,No data received from row]'....
2023-09-24 21:52:02,976.SmartSmoker_Producer.INFO Prepared binary message b'[5/22/2021 12:51,146.2]'....
2023-09-24 21:52:02,976.SmartSmoker_Producer.INFO Prepared binary message b'[5/22/2021 12:51,No data received from row]'....
2023-09-24 21:52:02,997.SmartSmoker_Producer.INFO Prepared binary message b'[5/22/2021 12:51,No data received from row]'....
2023-09-24 21:52:33,013.SmartSmoker_Producer.INFO Prepared binary message b'[5/22/2021 12:52,147.5]'....
2023-09-24 21:52:33,029.SmartSmoker_Producer.INFO Prepared binary message b'[5/22/2021 12:52,No data received from row]'....
2023-09-24 21:52:33,040.SmartSmoker_Producer.INFO Prepared binary message b'[5/22/2021 12:52,No data received from row]'....
2023-09-24 21:53:03,056.SmartSmoker_Producer.INFO Prepared binary message b'[5/22/2021 12:52,147.5]'....
2023-09-24 21:53:03,089.SmartSmoker_Producer.INFO Prepared binary message b'[5/22/2021 12:52,No data received from row]'....
2023-09-24 21:53:03,107.SmartSmoker_Producer.INFO Prepared binary message b'[5/22/2021 12:52,No data received from row]'....
2023-09-24 21:53:33,125.SmartSmoker_Producer.INFO Prepared binary message b'[5/22/2021 12:53,148.7]'....
2023-09-24 21:53:33,136.SmartSmoker_Producer.INFO Prepared binary message b'[5/22/2021 12:53,No data received from row]'....
2023-09-24 21:53:33,145.SmartSmoker_Producer.INFO Prepared binary message b'[5/22/2021 12:53,No data received from row]'....
2023-09-24 21:54:03,158.SmartSmoker_Producer.INFO Prepared binary message b'[5/22/2021 12:53,148.7]'....
2023-09-24 21:54:03,169.SmartSmoker_Producer.INFO Prepared binary message b'[5/22/2021 12:53,No data received from row]'....
2023-09-24 21:54:03,201.SmartSmoker_Producer.INFO Prepared binary message b'[5/22/2021 12:53,No data received from row]'....
2023-09-24 21:54:33,217.SmartSmoker_Producer.INFO Prepared binary message b'[5/22/2021 12:54,149.9]'....
2023-09-24 21:54:33,249.SmartSmoker_Producer.INFO Prepared binary message b'[5/22/2021 12:54,No data received from row]'....
2023-09-24 21:54:33,271.SmartSmoker_Producer.INFO Prepared binary message b'[5/22/2021 12:54,No data received from row]'....
2023-09-24 21:55:03,289.SmartSmoker_Producer.INFO Prepared binary message b'[5/22/2021 12:54,149.9]'....
2023-09-24 21:55:03,307.SmartSmoker_Producer.INFO Prepared binary message b'[5/22/2021 12:54,No data received from row]'....
2023-09-24 21:55:03,329.SmartSmoker_Producer.INFO Prepared binary message b'[5/22/2021 12:54,No data received from row]'....
2023-09-24 21:55:33,363.SmartSmoker_Producer.INFO Prepared binary message b'[5/22/2021 12:55,151.1]'....
2023-09-24 21:55:33,395.SmartSmoker_Producer.INFO Prepared binary message b'[5/22/2021 12:55,No data received from row]'....
2023-09-24 21:55:33,409.SmartSmoker_Producer.INFO Prepared binary message b'[5/22/2021 12:55,No data received from row]'....
2023-09-24 21:56:03,437.SmartSmoker_Producer.INFO Prepared binary message b'[5/22/2021 12:55,151.2]'....
2023-09-24 21:56:03,455.SmartSmoker_Producer.INFO Prepared binary message b'[5/22/2021 12:55,No data received from row]'....
2023-09-24 21:56:03,466.SmartSmoker_Producer.INFO Prepared binary message b'[5/22/2021 12:55,No data received from row]'....
2023-09-24 21:56:33,482.SmartSmoker_Producer.INFO Prepared binary message b'[5/22/2021 12:55,151.2]'....
2023-09-24 21:56:33,515.SmartSmoker_Producer.INFO Prepared binary message b'[5/22/2021 12:55,No data received from row]'....
2023-09-24 21:56:33,531.SmartSmoker_Producer.INFO Prepared binary message b'[5/22/2021 12:55,No data received from row]'....
2023-09-24 21:57:03,556.SmartSmoker_Producer.INFO Prepared binary message b'[5/22/2021 12:56,152.4]'....
2023-09-24 21:57:03,576.SmartSmoker_Producer.INFO Prepared binary message b'[5/22/2021 12:56,No data received from row]'....
2023-09-24 21:57:03,608.SmartSmoker_Producer.INFO Prepared binary message b'[5/22/2021 12:56,No data received from row]'....
2023-09-24 21:57:33,631.SmartSmoker_Producer.INFO Prepared binary message b'[5/22/2021 12:56,152.4]'....
2023-09-24 21:57:33,661.SmartSmoker_Producer.INFO Prepared binary message b'[5/22/2021 12:56,No data received from row]'....
2023-09-24 21:57:33,672.SmartSmoker_Producer.INFO Prepared binary message b'[5/22/2021 12:56,No data received from row]'....
2023-09-24 21:58:03,690.SmartSmoker_Producer.INFO Prepared binary message b'[5/22/2021 12:57,153.4]'....
2023-09-24 21:58:03,724.SmartSmoker_Producer.INFO Prepared binary message b'[5/22/2021 12:57,No data received from row]'....
2023-09-24 21:58:03,736.SmartSmoker_Producer.INFO Prepared binary message b'[5/22/2021 12:57,No data received from row]'....
2023-09-24 21:58:33,765.SmartSmoker_Producer.INFO Prepared binary message b'[5/22/2021 12:57,153.4]'....
2023-09-24 21:58:33,796.SmartSmoker_Producer.INFO Prepared binary message b'[5/22/2021 12:57,No data received from row]'....
2023-09-24 21:58:33,819.SmartSmoker_Producer.INFO Prepared binary message b'[5/22/2021 12:57,No data received from row]'....
2023-09-24 21:59:03,845.SmartSmoker_Producer.INFO Prepared binary message b'[5/22/2021 12:58,154.5]'....
2023-09-24 21:59:03,876.SmartSmoker_Producer.INFO Prepared binary message b'[5/22/2021 12:58,No data received from row]'....
2023-09-24 21:59:03,900.SmartSmoker_Producer.INFO Prepared binary message b'[5/22/2021 12:58,No data received from row]'....
2023-09-24 21:59:33,930.SmartSmoker_Producer.INFO Prepared binary message b'[5/22/2021 12:58,154.5]'....
2023-09-24 21:59:33,963.SmartSmoker_Producer.INFO Prepared binary message b'[5/22/2021 12:58,No data received from row]'....
2023-09-24 21:59:33,978.SmartSmoker_Producer.INFO Prepared binary message b'[5/22/2021 12:58,No data received from row]'....
2023-09-24 22:00:04,002.SmartSmoker_Producer.INFO Prepared binary message b'[5/22/2021 12:59,155.6]'....
2023-09-24 22:00:04,012.SmartSmoker_Producer.INFO Prepared binary message b'[5/22/2021 12:59,No data received from row]'....
2023-09-24 22:00:04,025.SmartSmoker_Producer.INFO Prepared binary message b'[5/22/2021 12:59,No data received from row]'....
2023-09-24 22:00:34,047.SmartSmoker_Producer.INFO Prepared binary message b'[5/22/2021 12:59,155.6]'....
2023-09-24 22:00:34,055.SmartSmoker_Producer.INFO Prepared binary message b'[5/22/2021 12:59,No data received from row]'....
2023-09-24 22:00:34,061.SmartSmoker_Producer.INFO Prepared binary message b'[5/22/2021 12:59,No data received from row]'....
2023-09-24 22:01:04,078.SmartSmoker_Producer.INFO Prepared binary message b'[5/22/2021 13:00,156.5]'....
2023-09-24 22:01:04,107.SmartSmoker_Producer.INFO Prepared binary message b'[5/22/2021 13:00,No data received from row]'....
2023-09-24 22:01:04,114.SmartSmoker_Producer.INFO Prepared binary message b'[5/22/2021 13:00,No data received from row]'....
2023-09-24 22:01:34,150.SmartSmoker_Producer.INFO Prepared binary message b'[5/22/2021 13:00,156.5]'....
2023-09-24 22:01:34,171.SmartSmoker_Producer.INFO Prepared binary message b'[5/22/2021 13:00,No data received from row]'....
2023-09-24 22:01:34,186.SmartSmoker_Producer.INFO Prepared binary message b'[5/22/2021 13:00,No data received from row]'....
2023-09-24 22:02:04,212.SmartSmoker_Producer.INFO Prepared binary message b'[5/22/2021 13:01,157.8]'....
2023-09-24 22:02:04,241.SmartSmoker_Producer.INFO Prepared binary message b'[5/22/2021 13:01,No data received from row]'....
2023-09-24 22:02:04,260.SmartSmoker_Producer.INFO Prepared binary message b'[5/22/2021 13:01,No data received from row]'....
2023-09-24 22:02:34,285.SmartSmoker_Producer.INFO Prepared binary message b'[5/22/2021 13:01,157.8]'....
2023-09-24 22:02:34,306.SmartSmoker_Producer.INFO Prepared binary message b'[5/22/2021 13:01,No data received from row]'....
2023-09-24 22:02:34,322.SmartSmoker_Producer.INFO Prepared binary message b'[5/22/2021 13:01,No data received from row]'....
2023-09-24 22:03:04,346.SmartSmoker_Producer.INFO Prepared binary message b'[5/22/2021 13:02,158.8]'....
2023-09-24 22:03:04,377.SmartSmoker_Producer.INFO Prepared binary message b'[5/22/2021 13:02,No data received from row]'....
2023-09-24 22:03:04,395.SmartSmoker_Producer.INFO Prepared binary message b'[5/22/2021 13:02,No data received from row]'....
2023-09-24 22:03:34,403.SmartSmoker_Producer.INFO Prepared binary message b'[5/22/2021 13:02,158.8]'....
2023-09-24 22:03:34,430.SmartSmoker_Producer.INFO Prepared binary message b'[5/22/2021 13:02,No data received from row]'....
2023-09-24 22:03:34,448.SmartSmoker_Producer.INFO Prepared binary message b'[5/22/2021 13:02,No data received from row]'....
2023-09-24 22:04:04,465.SmartSmoker_Producer.INFO Prepared binary message b'[5/22/2021 13:03,159.9]'....
2023-09-24 22:04:04,494.SmartSmoker_Producer.INFO Prepared binary message b'[5/22/2021 13:03,No data received from row]'....
2023-09-24 22:04:04,511.SmartSmoker_Producer.INFO Prepared binary message b'[5/22/2021 13:03,No data received from row]'....
2023-09-24 22:04:34,539.SmartSmoker_Producer.INFO Prepared binary message b'[5/22/2021 13:03,159.9]'....
2023-09-24 22:04:34,552.SmartSmoker_Producer.INFO Prepared binary message b'[5/22/2021 13:03,No data received from row]'....
2023-09-24 22:04:34,562.SmartSmoker_Producer.INFO Prepared binary message b'[5/22/2021 13:03,No data received from row]'....
2023-09-24 22:05:04,581.SmartSmoker_Producer.INFO Prepared binary message b'[5/22/2021 13:04,160.7]'....
2023-09-24 22:05:04,590.SmartSmoker_Producer.INFO Prepared binary message b'[5/22/2021 13:04,No data received from row]'....
2023-09-24 22:05:04,596.SmartSmoker_Producer.INFO Prepared binary message b'[5/22/2021 13:04,No data received from row]'....
2023-09-24 22:05:34,611.SmartSmoker_Producer.INFO Prepared binary message b'[5/22/2021 13:04,160.7]'....
2023-09-24 22:05:34,641.SmartSmoker_Producer.INFO Prepared binary message b'[5/22/2021 13:04,No data received from row]'....
2023-09-24 22:05:34,665.SmartSmoker_Producer.INFO Prepared binary message b'[5/22/2021 13:04,No data received from row]'....
2023-09-24 22:06:04,670.SmartSmoker_Producer.INFO Prepared binary message b'[5/22/2021 13:05,161.9]'....
2023-09-24 22:06:04,700.SmartSmoker_Producer.INFO Prepared binary message b'[5/22/2021 13:05,No data received from row]'....
2023-09-24 22:06:04,715.SmartSmoker_Producer.INFO Prepared binary message b'[5/22/2021 13:05,No data received from row]'....
2023-09-24 22:06:34,731.SmartSmoker_Producer.INFO Prepared binary message b'[5/22/2021 13:05,161.9]'....
2023-09-24 22:06:34,762.SmartSmoker_Producer.INFO Prepared binary message b'[5/22/2021 13:05,No data received from row]'....
2023-09-24 22:06:34,779.SmartSmoker_Producer.INFO Prepared binary message b'[5/22/2021 13:05,No data received from row]'....
2023-09-24 22:07:04,803.SmartSmoker_Producer.INFO Prepared binary message b'[5/22/2021 13:06,163.1]'....
2023-09-24 22:07:04,828.SmartSmoker_Producer.INFO Prepared binary message b'[5/22/2021 13:06,No data received from row]'....
2023-09-24 22:07:04,842.SmartSmoker_Producer.INFO Prepared binary message b'[5/22/2021 13:06,No data received from row]'....
2023-09-24 22:07:34,862.SmartSmoker_Producer.INFO Prepared binary message b'[5/22/2021 13:06,163.1]'....
2023-09-24 22:07:34,897.SmartSmoker_Producer.INFO Prepared binary message b'[5/22/2021 13:06,No data received from row]'....
2023-09-24 22:07:34,920.SmartSmoker_Producer.INFO Prepared binary message b'[5/22/2021 13:06,No data received from row]'....
2023-09-24 22:08:04,940.SmartSmoker_Producer.INFO Prepared binary message b'[5/22/2021 13:07,164.3]'....
2023-09-24 22:08:04,950.SmartSmoker_Producer.INFO Prepared binary message b'[5/22/2021 13:07,No data received from row]'....
2023-09-24 22:08:04,951.SmartSmoker_Producer.INFO Prepared binary message b'[5/22/2021 13:07,No data received from row]'....
2023-09-24 22:08:34,966.SmartSmoker_Producer.INFO Prepared binary message b'[5/22/2021 13:07,164.3]'....
2023-09-24 22:08:34,999.SmartSmoker_Producer.INFO Prepared binary message b'[5/22/2021 13:07,No data received from row]'....
2023-09-24 22:08:35,013.SmartSmoker_Producer.INFO Prepared binary message b'[5/22/2021 13:07,No data received from row]'....
2023-09-24 22:09:05,042.SmartSmoker_Producer.INFO Prepared binary message b'[5/22/2021 13:08,165.6]'....
2023-09-24 22:09:05,061.SmartSmoker_Producer.INFO Prepared binary message b'[5/22/2021 13:08,No data received from row]'....
2023-09-24 22:09:05,092.SmartSmoker_Producer.INFO Prepared binary message b'[5/22/2021 13:08,No data received from row]'....
2023-09-24 22:09:35,116.SmartSmoker_Producer.INFO Prepared binary message b'[5/22/2021 13:08,165.6]'....
2023-09-24 22:09:35,145.SmartSmoker_Producer.INFO Prepared binary message b'[5/22/2021 13:08,No data received from row]'....
2023-09-24 22:09:35,156.SmartSmoker_Producer.INFO Prepared binary message b'[5/22/2021 13:08,No data received from row]'....
2023-09-24 22:10:05,175.SmartSmoker_Producer.INFO Prepared binary message b'[5/22/2021 13:09,166.7]'....
2023-09-24 22:10:05,184.SmartSmoker_Producer.INFO Prepared binary message b'[5/22/2021 13:09,No data received from row]'....
2023-09-24 22:10:05,194.SmartSmoker_Producer.INFO Prepared binary message b'[5/22/2021 13:09,No data received from row]'....
2023-09-24 22:10:35,204.SmartSmoker_Producer.INFO Prepared binary message b'[5/22/2021 13:09,166.7]'....
2023-09-24 22:10:35,233.SmartSmoker_Producer.INFO Prepared binary message b'[5/22/2021 13:09,No data received from row]'....
2023-09-24 22:10:35,250.SmartSmoker_Producer.INFO Prepared binary message b'[5/22/2021 13:09,No data received from row]'....
2023-09-24 22:11:05,274.SmartSmoker_Producer.INFO Prepared binary message b'[5/22/2021 13:10,167.8]'....
2023-09-24 22:11:05,298.SmartSmoker_Producer.INFO Prepared binary message b'[5/22/2021 13:10,No data received from row]'....
2023-09-24 22:11:05,327.SmartSmoker_Producer.INFO Prepared binary message b'[5/22/2021 13:10,No data received from row]'....
2023-09-24 22:11:35,354.SmartSmoker_Producer.INFO Prepared binary message b'[5/22/2021 13:10,167.8]'....
2023-09-24 22:11:35,388.SmartSmoker_Producer.INFO Prepared binary message b'[5/22/2021 13:10,No data received from row]'....
2023-09-24 22:11:35,426.SmartSmoker_Producer.INFO Prepared binary message b'[5/22/2021 13:10,No data received from row]'....
2023-09-24 22:12:05,445.SmartSmoker_Producer.INFO Prepared binary message b'[5/22/2021 13:11,168.8]'....
2023-09-24 22:12:05,478.SmartSmoker_Producer.INFO Prepared binary message b'[5/22/2021 13:11,No data received from row]'....
2023-09-24 22:12:05,500.SmartSmoker_Producer.INFO Prepared binary message b'[5/22/2021 13:11,No data received from row]'....
2023-09-24 22:12:35,526.SmartSmoker_Producer.INFO Prepared binary message b'[5/22/2021 13:11,168.8]'....
2023-09-24 22:12:35,561.SmartSmoker_Producer.INFO Prepared binary message b'[5/22/2021 13:11,No data received from row]'....
2023-09-24 22:12:35,582.SmartSmoker_Producer.INFO Prepared binary message b'[5/22/2021 13:11,No data received from row]'....
2023-09-24 22:13:05,601.SmartSmoker_Producer.INFO Prepared binary message b'[5/22/2021 13:12,170.2]'....
2023-09-24 22:13:05,635.SmartSmoker_Producer.INFO Prepared binary message b'[5/22/2021 13:12,No data received from row]'....
2023-09-24 22:13:05,645.SmartSmoker_Producer.INFO Prepared binary message b'[5/22/2021 13:12,No data received from row]'....
2023-09-24 22:13:35,675.SmartSmoker_Producer.INFO Prepared binary message b'[5/22/2021 13:12,170.2]'....
2023-09-24 22:13:35,708.SmartSmoker_Producer.INFO Prepared binary message b'[5/22/2021 13:12,No data received from row]'....
2023-09-24 22:13:35,730.SmartSmoker_Producer.INFO Prepared binary message b'[5/22/2021 13:12,No data received from row]'....
2023-09-24 22:14:05,758.SmartSmoker_Producer.INFO Prepared binary message b'[5/22/2021 13:13,171.7]'....
2023-09-24 22:14:05,791.SmartSmoker_Producer.INFO Prepared binary message b'[5/22/2021 13:13,No data received from row]'....
2023-09-24 22:14:05,820.SmartSmoker_Producer.INFO Prepared binary message b'[5/22/2021 13:13,No data received from row]'....
2023-09-24 22:14:35,845.SmartSmoker_Producer.INFO Prepared binary message b'[5/22/2021 13:13,171.7]'....
2023-09-24 22:14:35,879.SmartSmoker_Producer.INFO Prepared binary message b'[5/22/2021 13:13,No data received from row]'....
2023-09-24 22:14:35,907.SmartSmoker_Producer.INFO Prepared binary message b'[5/22/2021 13:13,No data received from row]'....
2023-09-24 22:15:05,948.SmartSmoker_Producer.INFO Prepared binary message b'[5/22/2021 13:14,173.3]'....
2023-09-24 22:15:05,990.SmartSmoker_Producer.INFO Prepared binary message b'[5/22/2021 13:14,No data received from row]'....
2023-09-24 22:15:05,999.SmartSmoker_Producer.INFO Prepared binary message b'[5/22/2021 13:14,No data received from row]'....
2023-09-24 22:15:36,007.SmartSmoker_Producer.INFO Prepared binary message b'[5/22/2021 13:14,173.3]'....
2023-09-24 22:15:36,039.SmartSmoker_Producer.INFO Prepared binary message b'[5/22/2021 13:14,No data received from row]'....
2023-09-24 22:15:36,061.SmartSmoker_Producer.INFO Prepared binary message b'[5/22/2021 13:14,No data received from row]'....
2023-09-24 22:16:06,081.SmartSmoker_Producer.INFO Prepared binary message b'[5/22/2021 13:15,174.6]'....
2023-09-24 22:16:06,091.SmartSmoker_Producer.INFO Prepared binary message b'[5/22/2021 13:15,No data received from row]'....
2023-09-24 22:16:06,098.SmartSmoker_Producer.INFO Prepared binary message b'[5/22/2021 13:15,No data received from row]'....
2023-09-24 22:16:36,117.SmartSmoker_Producer.INFO Prepared binary message b'[5/22/2021 13:15,174.6]'....
2023-09-24 22:16:36,132.SmartSmoker_Producer.INFO Prepared binary message b'[5/22/2021 13:15,No data received from row]'....
2023-09-24 22:16:36,152.SmartSmoker_Producer.INFO Prepared binary message b'[5/22/2021 13:15,No data received from row]'....
2023-09-24 22:17:06,184.SmartSmoker_Producer.INFO Prepared binary message b'[5/22/2021 13:16,175.5]'....
2023-09-24 22:17:06,217.SmartSmoker_Producer.INFO Prepared binary message b'[5/22/2021 13:16,No data received from row]'....
2023-09-24 22:17:06,234.SmartSmoker_Producer.INFO Prepared binary message b'[5/22/2021 13:16,No data received from row]'....
2023-09-24 22:17:36,260.SmartSmoker_Producer.INFO Prepared binary message b'[5/22/2021 13:16,175.5]'....
2023-09-24 22:17:36,293.SmartSmoker_Producer.INFO Prepared binary message b'[5/22/2021 13:16,No data received from row]'....
2023-09-24 22:17:36,314.SmartSmoker_Producer.INFO Prepared binary message b'[5/22/2021 13:16,No data received from row]'....
2023-09-24 22:18:06,333.SmartSmoker_Producer.INFO Prepared binary message b'[5/22/2021 13:17,176.8]'....
2023-09-24 22:18:06,365.SmartSmoker_Producer.INFO Prepared binary message b'[5/22/2021 13:17,No data received from row]'....
2023-09-24 22:18:06,377.SmartSmoker_Producer.INFO Prepared binary message b'[5/22/2021 13:17,No data received from row]'....
2023-09-24 22:18:36,396.SmartSmoker_Producer.INFO Prepared binary message b'[5/22/2021 13:17,176.8]'....
2023-09-24 22:18:36,430.SmartSmoker_Producer.INFO Prepared binary message b'[5/22/2021 13:17,No data received from row]'....
2023-09-24 22:18:36,454.SmartSmoker_Producer.INFO Prepared binary message b'[5/22/2021 13:17,No data received from row]'....
2023-09-24 22:19:06,468.SmartSmoker_Producer.INFO Prepared binary message b'[5/22/2021 13:18,177.8]'....
2023-09-24 22:19:06,502.SmartSmoker_Producer.INFO Prepared binary message b'[5/22/2021 13:18,No data received from row]'....
2023-09-24 22:19:06,521.SmartSmoker_Producer.INFO Prepared binary message b'[5/22/2021 13:18,No data received from row]'....
2023-09-24 22:19:36,543.SmartSmoker_Producer.INFO Prepared binary message b'[5/22/2021 13:18,177.8]'....
2023-09-24 22:19:36,575.SmartSmoker_Producer.INFO Prepared binary message b'[5/22/2021 13:18,No data received from row]'....
2023-09-24 22:19:36,587.SmartSmoker_Producer.INFO Prepared binary message b'[5/22/2021 13:18,No data received from row]'....
2023-09-24 22:20:06,622.SmartSmoker_Producer.INFO Prepared binary message b'[5/22/2021 13:19,178.9]'....
2023-09-24 22:20:06,655.SmartSmoker_Producer.INFO Prepared binary message b'[5/22/2021 13:19,No data received from row]'....
2023-09-24 22:20:06,682.SmartSmoker_Producer.INFO Prepared binary message b'[5/22/2021 13:19,No data received from row]'....
2023-09-24 22:20:36,709.SmartSmoker_Producer.INFO Prepared binary message b'[5/22/2021 13:19,178.9]'....
2023-09-24 22:20:36,740.SmartSmoker_Producer.INFO Prepared binary message b'[5/22/2021 13:19,No data received from row]'....
2023-09-24 22:20:36,760.SmartSmoker_Producer.INFO Prepared binary message b'[5/22/2021 13:19,No data received from row]'....
2023-09-24 22:21:06,784.SmartSmoker_Producer.INFO Prepared binary message b'[5/22/2021 13:20,180.3]'....
2023-09-24 22:21:06,818.SmartSmoker_Producer.INFO Prepared binary message b'[5/22/2021 13:20,No data received from row]'....
2023-09-24 22:21:06,840.SmartSmoker_Producer.INFO Prepared binary message b'[5/22/2021 13:20,No data received from row]'....
2023-09-24 22:21:36,868.SmartSmoker_Producer.INFO Prepared binary message b'[5/22/2021 13:20,180.3]'....
2023-09-24 22:21:36,901.SmartSmoker_Producer.INFO Prepared binary message b'[5/22/2021 13:20,No data received from row]'....
2023-09-24 22:21:36,919.SmartSmoker_Producer.INFO Prepared binary message b'[5/22/2021 13:20,No data received from row]'....
2023-09-24 22:22:06,946.SmartSmoker_Producer.INFO Prepared binary message b'[5/22/2021 13:21,181.4]'....
2023-09-24 22:22:06,978.SmartSmoker_Producer.INFO Prepared binary message b'[5/22/2021 13:21,No data received from row]'....
2023-09-24 22:22:07,001.SmartSmoker_Producer.INFO Prepared binary message b'[5/22/2021 13:21,No data received from row]'....
2023-09-24 22:22:37,027.SmartSmoker_Producer.INFO Prepared binary message b'[5/22/2021 13:21,181.4]'....
2023-09-24 22:22:37,045.SmartSmoker_Producer.INFO Prepared binary message b'[5/22/2021 13:21,No data received from row]'....
2023-09-24 22:22:37,083.SmartSmoker_Producer.INFO Prepared binary message b'[5/22/2021 13:21,No data received from row]'....
2023-09-24 22:23:07,120.SmartSmoker_Producer.INFO Prepared binary message b'[5/22/2021 13:22,182.6]'....
2023-09-24 22:23:07,152.SmartSmoker_Producer.INFO Prepared binary message b'[5/22/2021 13:22,No data received from row]'....
2023-09-24 22:23:07,176.SmartSmoker_Producer.INFO Prepared binary message b'[5/22/2021 13:22,No data received from row]'....
2023-09-24 22:23:37,205.SmartSmoker_Producer.INFO Prepared binary message b'[5/22/2021 13:22,182.6]'....
2023-09-24 22:23:37,238.SmartSmoker_Producer.INFO Prepared binary message b'[5/22/2021 13:22,No data received from row]'....
2023-09-24 22:23:37,273.SmartSmoker_Producer.INFO Prepared binary message b'[5/22/2021 13:22,No data received from row]'....
2023-09-24 22:24:07,321.SmartSmoker_Producer.INFO Prepared binary message b'[5/22/2021 13:23,183.9]'....
2023-09-24 22:24:07,331.SmartSmoker_Producer.INFO Prepared binary message b'[5/22/2021 13:23,No data received from row]'....
2023-09-24 22:24:07,337.SmartSmoker_Producer.INFO Prepared binary message b'[5/22/2021 13:23,No data received from row]'....
2023-09-24 22:24:37,363.SmartSmoker_Producer.INFO Prepared binary message b'[5/22/2021 13:23,183.9]'....
2023-09-24 22:24:37,398.SmartSmoker_Producer.INFO Prepared binary message b'[5/22/2021 13:23,No data received from row]'....
2023-09-24 22:24:37,424.SmartSmoker_Producer.INFO Prepared binary message b'[5/22/2021 13:23,No data received from row]'....
2023-09-24 22:25:07,451.SmartSmoker_Producer.INFO Prepared binary message b'[5/22/2021 13:24,184.8]'....
2023-09-24 22:25:07,483.SmartSmoker_Producer.INFO Prepared binary message b'[5/22/2021 13:24,No data received from row]'....
2023-09-24 22:25:07,512.SmartSmoker_Producer.INFO Prepared binary message b'[5/22/2021 13:24,No data received from row]'....
2023-09-24 22:25:37,552.SmartSmoker_Producer.INFO Prepared binary message b'[5/22/2021 13:24,184.8]'....
2023-09-24 22:25:37,584.SmartSmoker_Producer.INFO Prepared binary message b'[5/22/2021 13:24,No data received from row]'....
2023-09-24 22:25:37,608.SmartSmoker_Producer.INFO Prepared binary message b'[5/22/2021 13:24,No data received from row]'....
2023-09-24 22:26:07,626.SmartSmoker_Producer.INFO Prepared binary message b'[5/22/2021 13:25,186.0]'....
2023-09-24 22:26:07,658.SmartSmoker_Producer.INFO Prepared binary message b'[5/22/2021 13:25,No data received from row]'....
2023-09-24 22:26:07,672.SmartSmoker_Producer.INFO Prepared binary message b'[5/22/2021 13:25,No data received from row]'....
2023-09-24 22:26:37,697.SmartSmoker_Producer.INFO Prepared binary message b'[5/22/2021 13:25,186.0]'....
2023-09-24 22:26:37,729.SmartSmoker_Producer.INFO Prepared binary message b'[5/22/2021 13:25,No data received from row]'....
2023-09-24 22:26:37,736.SmartSmoker_Producer.INFO Prepared binary message b'[5/22/2021 13:25,No data received from row]'....
2023-09-24 22:27:07,760.SmartSmoker_Producer.INFO Prepared binary message b'[5/22/2021 13:26,187.1]'....
2023-09-24 22:27:07,792.SmartSmoker_Producer.INFO Prepared binary message b'[5/22/2021 13:26,No data received from row]'....
2023-09-24 22:27:07,816.SmartSmoker_Producer.INFO Prepared binary message b'[5/22/2021 13:26,No data received from row]'....
2023-09-24 22:27:37,844.SmartSmoker_Producer.INFO Prepared binary message b'[5/22/2021 13:26,187.1]'....
2023-09-24 22:27:37,877.SmartSmoker_Producer.INFO Prepared binary message b'[5/22/2021 13:26,No data received from row]'....
2023-09-24 22:27:37,903.SmartSmoker_Producer.INFO Prepared binary message b'[5/22/2021 13:26,No data received from row]'....
2023-09-24 22:28:07,926.SmartSmoker_Producer.INFO Prepared binary message b'[5/22/2021 13:27,211.9]'....
2023-09-24 22:28:07,958.SmartSmoker_Producer.INFO Prepared binary message b'[5/22/2021 13:27,No data received from row]'....
2023-09-24 22:28:07,987.SmartSmoker_Producer.INFO Prepared binary message b'[5/22/2021 13:27,No data received from row]'....
2023-09-24 22:28:38,012.SmartSmoker_Producer.INFO Prepared binary message b'[5/22/2021 13:27,211.9]'....
2023-09-24 22:28:38,045.SmartSmoker_Producer.INFO Prepared binary message b'[5/22/2021 13:27,No data received from row]'....
2023-09-24 22:28:38,069.SmartSmoker_Producer.INFO Prepared binary message b'[5/22/2021 13:27,No data received from row]'....
2023-09-24 22:29:08,097.SmartSmoker_Producer.INFO Prepared binary message b'[5/22/2021 13:28,215.3]'....
2023-09-24 22:29:08,129.SmartSmoker_Producer.INFO Prepared binary message b'[5/22/2021 13:28,No data received from row]'....
2023-09-24 22:29:08,146.SmartSmoker_Producer.INFO Prepared binary message b'[5/22/2021 13:28,No data received from row]'....
2023-09-24 22:29:38,167.SmartSmoker_Producer.INFO Prepared binary message b'[5/22/2021 13:28,215.3]'....
2023-09-24 22:29:38,199.SmartSmoker_Producer.INFO Prepared binary message b'[5/22/2021 13:28,No data received from row]'....
2023-09-24 22:29:38,220.SmartSmoker_Producer.INFO Prepared binary message b'[5/22/2021 13:28,No data received from row]'....
2023-09-24 22:30:08,249.SmartSmoker_Producer.INFO Prepared binary message b'[5/22/2021 13:29,217.0]'....
2023-09-24 22:30:08,260.SmartSmoker_Producer.INFO Prepared binary message b'[5/22/2021 13:29,No data received from row]'....
2023-09-24 22:30:08,270.SmartSmoker_Producer.INFO Prepared binary message b'[5/22/2021 13:29,No data received from row]'....
2023-09-24 22:30:38,281.SmartSmoker_Producer.INFO Prepared binary message b'[5/22/2021 13:29,217.0]'....
2023-09-24 22:30:38,314.SmartSmoker_Producer.INFO Prepared binary message b'[5/22/2021 13:29,No data received from row]'....
2023-09-24 22:30:38,343.SmartSmoker_Producer.INFO Prepared binary message b'[5/22/2021 13:29,No data received from row]'....
2023-09-24 22:31:08,352.SmartSmoker_Producer.INFO Prepared binary message b'[5/22/2021 13:30,218.6]'....
2023-09-24 22:31:08,384.SmartSmoker_Producer.INFO Prepared binary message b'[5/22/2021 13:30,No data received from row]'....
2023-09-24 22:31:08,415.SmartSmoker_Producer.INFO Prepared binary message b'[5/22/2021 13:30,No data received from row]'....
2023-09-24 22:31:38,444.SmartSmoker_Producer.INFO Prepared binary message b'[5/22/2021 13:30,218.6]'....
2023-09-24 22:31:38,476.SmartSmoker_Producer.INFO Prepared binary message b'[5/22/2021 13:30,No data received from row]'....
2023-09-24 22:31:38,505.SmartSmoker_Producer.INFO Prepared binary message b'[5/22/2021 13:30,No data received from row]'....
2023-09-24 22:32:08,533.SmartSmoker_Producer.INFO Prepared binary message b'[5/22/2021 13:31,218.5]'....
2023-09-24 22:32:08,553.SmartSmoker_Producer.INFO Prepared binary message b'[5/22/2021 13:31,No data received from row]'....
2023-09-24 22:32:08,585.SmartSmoker_Producer.INFO Prepared binary message b'[5/22/2021 13:31,No data received from row]'....
2023-09-24 22:32:38,607.SmartSmoker_Producer.INFO Prepared binary message b'[5/22/2021 13:31,218.5]'....
2023-09-24 22:32:38,639.SmartSmoker_Producer.INFO Prepared binary message b'[5/22/2021 13:31,No data received from row]'....
2023-09-24 22:32:38,651.SmartSmoker_Producer.INFO Prepared binary message b'[5/22/2021 13:31,No data received from row]'....
2023-09-24 22:33:08,684.SmartSmoker_Producer.INFO Prepared binary message b'[5/22/2021 13:32,219.4]'....
2023-09-24 22:33:08,715.SmartSmoker_Producer.INFO Prepared binary message b'[5/22/2021 13:32,No data received from row]'....
2023-09-24 22:33:08,745.SmartSmoker_Producer.INFO Prepared binary message b'[5/22/2021 13:32,No data received from row]'....
2023-09-24 22:33:38,774.SmartSmoker_Producer.INFO Prepared binary message b'[5/22/2021 13:32,219.4]'....
2023-09-24 22:33:38,808.SmartSmoker_Producer.INFO Prepared binary message b'[5/22/2021 13:32,No data received from row]'....
2023-09-24 22:33:38,825.SmartSmoker_Producer.INFO Prepared binary message b'[5/22/2021 13:32,No data received from row]'....
2023-09-24 22:34:08,848.SmartSmoker_Producer.INFO Prepared binary message b'[5/22/2021 13:33,220.5]'....
2023-09-24 22:34:08,887.SmartSmoker_Producer.INFO Prepared binary message b'[5/22/2021 13:33,No data received from row]'....
2023-09-24 22:34:08,887.SmartSmoker_Producer.INFO Prepared binary message b'[5/22/2021 13:33,No data received from row]'....
2023-09-24 22:34:38,908.SmartSmoker_Producer.INFO Prepared binary message b'[5/22/2021 13:33,220.5]'....
2023-09-24 22:34:38,939.SmartSmoker_Producer.INFO Prepared binary message b'[5/22/2021 13:33,No data received from row]'....
2023-09-24 22:34:38,951.SmartSmoker_Producer.INFO Prepared binary message b'[5/22/2021 13:33,No data received from row]'....
2023-09-24 22:35:08,968.SmartSmoker_Producer.INFO Prepared binary message b'[5/22/2021 13:34,220.7]'....
2023-09-24 22:35:09,000.SmartSmoker_Producer.INFO Prepared binary message b'[5/22/2021 13:34,No data received from row]'....
2023-09-24 22:35:09,014.SmartSmoker_Producer.INFO Prepared binary message b'[5/22/2021 13:34,No data received from row]'....
2023-09-24 22:35:39,041.SmartSmoker_Producer.INFO Prepared binary message b'[5/22/2021 13:34,220.7]'....
2023-09-24 22:35:39,076.SmartSmoker_Producer.INFO Prepared binary message b'[5/22/2021 13:34,No data received from row]'....
2023-09-24 22:35:39,095.SmartSmoker_Producer.INFO Prepared binary message b'[5/22/2021 13:34,No data received from row]'....
2023-09-24 22:36:09,116.SmartSmoker_Producer.INFO Prepared binary message b'[5/22/2021 13:35,222.5]'....
2023-09-24 22:36:09,150.SmartSmoker_Producer.INFO Prepared binary message b'[5/22/2021 13:35,No data received from row]'....
2023-09-24 22:36:09,160.SmartSmoker_Producer.INFO Prepared binary message b'[5/22/2021 13:35,No data received from row]'....
2023-09-24 22:36:39,192.SmartSmoker_Producer.INFO Prepared binary message b'[5/22/2021 13:35,222.5]'....
2023-09-24 22:36:39,225.SmartSmoker_Producer.INFO Prepared binary message b'[5/22/2021 13:35,No data received from row]'....
2023-09-24 22:36:39,238.SmartSmoker_Producer.INFO Prepared binary message b'[5/22/2021 13:35,No data received from row]'....
2023-09-24 22:37:09,259.SmartSmoker_Producer.INFO Prepared binary message b'[5/22/2021 13:36,223.0]'....
2023-09-24 22:37:09,292.SmartSmoker_Producer.INFO Prepared binary message b'[5/22/2021 13:36,No data received from row]'....
2023-09-24 22:37:09,308.SmartSmoker_Producer.INFO Prepared binary message b'[5/22/2021 13:36,No data received from row]'....
2023-09-24 22:37:39,327.SmartSmoker_Producer.INFO Prepared binary message b'[5/22/2021 13:36,223.0]'....
2023-09-24 22:37:39,340.SmartSmoker_Producer.INFO Prepared binary message b'[5/22/2021 13:36,No data received from row]'....
2023-09-24 22:37:39,370.SmartSmoker_Producer.INFO Prepared binary message b'[5/22/2021 13:36,No data received from row]'....
2023-09-24 22:38:09,382.SmartSmoker_Producer.INFO Prepared binary message b'[5/22/2021 13:37,224.7]'....
2023-09-24 22:38:09,415.SmartSmoker_Producer.INFO Prepared binary message b'[5/22/2021 13:37,No data received from row]'....
2023-09-24 22:38:09,426.SmartSmoker_Producer.INFO Prepared binary message b'[5/22/2021 13:37,No data received from row]'....
2023-09-24 22:38:39,450.SmartSmoker_Producer.INFO Prepared binary message b'[5/22/2021 13:37,224.7]'....
2023-09-24 22:38:39,480.SmartSmoker_Producer.INFO Prepared binary message b'[5/22/2021 13:37,No data received from row]'....
2023-09-24 22:38:39,505.SmartSmoker_Producer.INFO Prepared binary message b'[5/22/2021 13:37,No data received from row]'....
2023-09-24 22:39:09,516.SmartSmoker_Producer.INFO Prepared binary message b'[5/22/2021 13:38,224.2]'....
2023-09-24 22:39:09,548.SmartSmoker_Producer.INFO Prepared binary message b'[5/22/2021 13:38,No data received from row]'....
2023-09-24 22:39:09,570.SmartSmoker_Producer.INFO Prepared binary message b'[5/22/2021 13:38,No data received from row]'....
2023-09-24 22:39:39,590.SmartSmoker_Producer.INFO Prepared binary message b'[5/22/2021 13:38,224.2]'....
2023-09-24 22:39:39,623.SmartSmoker_Producer.INFO Prepared binary message b'[5/22/2021 13:38,No data received from row]'....
2023-09-24 22:39:39,641.SmartSmoker_Producer.INFO Prepared binary message b'[5/22/2021 13:38,No data received from row]'....
2023-09-24 22:40:09,664.SmartSmoker_Producer.INFO Prepared binary message b'[5/22/2021 13:39,223.6]'....
2023-09-24 22:40:09,696.SmartSmoker_Producer.INFO Prepared binary message b'[5/22/2021 13:39,No data received from row]'....
2023-09-24 22:40:09,723.SmartSmoker_Producer.INFO Prepared binary message b'[5/22/2021 13:39,No data received from row]'....
2023-09-24 22:40:39,742.SmartSmoker_Producer.INFO Prepared binary message b'[5/22/2021 13:39,223.6]'....
2023-09-24 22:40:39,752.SmartSmoker_Producer.INFO Prepared binary message b'[5/22/2021 13:39,No data received from row]'....
2023-09-24 22:40:39,762.SmartSmoker_Producer.INFO Prepared binary message b'[5/22/2021 13:39,No data received from row]'....
2023-09-24 22:41:09,781.SmartSmoker_Producer.INFO Prepared binary message b'[5/22/2021 13:40,224.6]'....
2023-09-24 22:41:09,822.SmartSmoker_Producer.INFO Prepared binary message b'[5/22/2021 13:40,No data received from row]'....
2023-09-24 22:41:09,862.SmartSmoker_Producer.INFO Prepared binary message b'[5/22/2021 13:40,No data received from row]'....
2023-09-24 22:41:39,900.SmartSmoker_Producer.INFO Prepared binary message b'[5/22/2021 13:40,224.6]'....
2023-09-24 22:41:39,916.SmartSmoker_Producer.INFO Prepared binary message b'[5/22/2021 13:40,No data received from row]'....
2023-09-24 22:41:39,926.SmartSmoker_Producer.INFO Prepared binary message b'[5/22/2021 13:40,No data received from row]'....
2023-09-24 22:42:09,938.SmartSmoker_Producer.INFO Prepared binary message b'[5/22/2021 13:41,224.3]'....
2023-09-24 22:42:09,953.SmartSmoker_Producer.INFO Prepared binary message b'[5/22/2021 13:41,No data received from row]'....
2023-09-24 22:42:09,966.SmartSmoker_Producer.INFO Prepared binary message b'[5/22/2021 13:41,No data received from row]'....
2023-09-24 22:42:39,987.SmartSmoker_Producer.INFO Prepared binary message b'[5/22/2021 13:41,224.3]'....
2023-09-24 22:42:40,020.SmartSmoker_Producer.INFO Prepared binary message b'[5/22/2021 13:41,No data received from row]'....
2023-09-24 22:42:40,030.SmartSmoker_Producer.INFO Prepared binary message b'[5/22/2021 13:41,No data received from row]'....
2023-09-24 22:43:10,071.SmartSmoker_Producer.INFO Prepared binary message b'[5/22/2021 13:42,226.6]'....
2023-09-24 22:43:10,102.SmartSmoker_Producer.INFO Prepared binary message b'[5/22/2021 13:42,No data received from row]'....
2023-09-24 22:43:10,130.SmartSmoker_Producer.INFO Prepared binary message b'[5/22/2021 13:42,No data received from row]'....
2023-09-24 22:43:40,137.SmartSmoker_Producer.INFO Prepared binary message b'[5/22/2021 13:42,226.6]'....
2023-09-24 22:43:40,171.SmartSmoker_Producer.INFO Prepared binary message b'[5/22/2021 13:42,No data received from row]'....
2023-09-24 22:43:40,201.SmartSmoker_Producer.INFO Prepared binary message b'[5/22/2021 13:42,No data received from row]'....
2023-09-24 22:44:10,233.SmartSmoker_Producer.INFO Prepared binary message b'[5/22/2021 13:43,229.0]'....
2023-09-24 22:44:10,268.SmartSmoker_Producer.INFO Prepared binary message b'[5/22/2021 13:43,No data received from row]'....
2023-09-24 22:44:10,293.SmartSmoker_Producer.INFO Prepared binary message b'[5/22/2021 13:43,No data received from row]'....
2023-09-24 22:44:40,326.SmartSmoker_Producer.INFO Prepared binary message b'[5/22/2021 13:43,229.0]'....
2023-09-24 22:44:40,361.SmartSmoker_Producer.INFO Prepared binary message b'[5/22/2021 13:43,No data received from row]'....
2023-09-24 22:44:40,390.SmartSmoker_Producer.INFO Prepared binary message b'[5/22/2021 13:43,No data received from row]'....
2023-09-24 22:45:10,424.SmartSmoker_Producer.INFO Prepared binary message b'[5/22/2021 13:44,232.8]'....
2023-09-24 22:45:10,450.SmartSmoker_Producer.INFO Prepared binary message b'[5/22/2021 13:44,No data received from row]'....
2023-09-24 22:45:10,486.SmartSmoker_Producer.INFO Prepared binary message b'[5/22/2021 13:44,No data received from row]'....
2023-09-24 22:45:40,541.SmartSmoker_Producer.INFO Prepared binary message b'[5/22/2021 13:44,232.8]'....
2023-09-24 22:45:40,554.SmartSmoker_Producer.INFO Prepared binary message b'[5/22/2021 13:44,No data received from row]'....
2023-09-24 22:45:40,562.SmartSmoker_Producer.INFO Prepared binary message b'[5/22/2021 13:44,No data received from row]'....
2023-09-24 22:46:10,587.SmartSmoker_Producer.INFO Prepared binary message b'[5/22/2021 13:45,237.9]'....
2023-09-24 22:46:10,615.SmartSmoker_Producer.INFO Prepared binary message b'[5/22/2021 13:45,No data received from row]'....
2023-09-24 22:46:10,643.SmartSmoker_Producer.INFO Prepared binary message b'[5/22/2021 13:45,No data received from row]'....
2023-09-24 22:46:40,668.SmartSmoker_Producer.INFO Prepared binary message b'[5/22/2021 13:45,237.9]'....
2023-09-24 22:46:40,704.SmartSmoker_Producer.INFO Prepared binary message b'[5/22/2021 13:45,No data received from row]'....
2023-09-24 22:46:40,734.SmartSmoker_Producer.INFO Prepared binary message b'[5/22/2021 13:45,No data received from row]'....
2023-09-24 22:47:10,763.SmartSmoker_Producer.INFO Prepared binary message b'[5/22/2021 13:46,200.2]'....
2023-09-24 22:47:10,799.SmartSmoker_Producer.INFO Prepared binary message b'[5/22/2021 13:46,No data received from row]'....
2023-09-24 22:47:10,824.SmartSmoker_Producer.INFO Prepared binary message b'[5/22/2021 13:46,No data received from row]'....
2023-09-24 22:47:40,845.SmartSmoker_Producer.INFO Prepared binary message b'[5/22/2021 13:46,200.2]'....
2023-09-24 22:47:40,880.SmartSmoker_Producer.INFO Prepared binary message b'[5/22/2021 13:46,No data received from row]'....
2023-09-24 22:47:40,900.SmartSmoker_Producer.INFO Prepared binary message b'[5/22/2021 13:46,No data received from row]'....
2023-09-24 22:48:10,923.SmartSmoker_Producer.INFO Prepared binary message b'[5/22/2021 13:46,No data received from row]'....
2023-09-24 22:48:10,958.SmartSmoker_Producer.INFO Prepared binary message b'[5/22/2021 13:46,38.7]'....
2023-09-24 22:48:10,993.SmartSmoker_Producer.INFO Prepared binary message b'[5/22/2021 13:46,No data received from row]'....
2023-09-24 22:48:41,021.SmartSmoker_Producer.INFO Prepared binary message b'[5/22/2021 13:46,No data received from row]'....
2023-09-24 22:48:41,037.SmartSmoker_Producer.INFO Prepared binary message b'[5/22/2021 13:46,38.7]'....
2023-09-24 22:48:41,089.SmartSmoker_Producer.INFO Prepared binary message b'[5/22/2021 13:46,37.0]'....
2023-09-24 22:49:11,118.SmartSmoker_Producer.INFO Prepared binary message b'[5/22/2021 13:46,No data received from row]'....
2023-09-24 22:49:11,148.SmartSmoker_Producer.INFO Prepared binary message b'[5/22/2021 13:46,No data received from row]'....
2023-09-24 22:49:11,172.SmartSmoker_Producer.INFO Prepared binary message b'[5/22/2021 13:46,37.0]'....
2023-09-24 22:49:41,193.SmartSmoker_Producer.INFO Prepared binary message b'[5/22/2021 13:47,205.9]'....
2023-09-24 22:49:41,230.SmartSmoker_Producer.INFO Prepared binary message b'[5/22/2021 13:47,No data received from row]'....
2023-09-24 22:49:41,254.SmartSmoker_Producer.INFO Prepared binary message b'[5/22/2021 13:47,No data received from row]'....
2023-09-24 22:50:11,274.SmartSmoker_Producer.INFO Prepared binary message b'[5/22/2021 13:47,205.9]'....
2023-09-24 22:50:11,308.SmartSmoker_Producer.INFO Prepared binary message b'[5/22/2021 13:47,No data received from row]'....
2023-09-24 22:50:11,332.SmartSmoker_Producer.INFO Prepared binary message b'[5/22/2021 13:47,No data received from row]'....
2023-09-24 22:50:41,355.SmartSmoker_Producer.INFO Prepared binary message b'[5/22/2021 13:47,No data received from row]'....
2023-09-24 22:50:41,392.SmartSmoker_Producer.INFO Prepared binary message b'[5/22/2021 13:47,37.1]'....
2023-09-24 22:50:41,416.SmartSmoker_Producer.INFO Prepared binary message b'[5/22/2021 13:47,No data received from row]'....
2023-09-24 22:51:11,434.SmartSmoker_Producer.INFO Prepared binary message b'[5/22/2021 13:47,No data received from row]'....
2023-09-24 22:51:11,468.SmartSmoker_Producer.INFO Prepared binary message b'[5/22/2021 13:47,37.1]'....
2023-09-24 22:51:11,489.SmartSmoker_Producer.INFO Prepared binary message b'[5/22/2021 13:47,35.3]'....
2023-09-24 22:51:41,529.SmartSmoker_Producer.INFO Prepared binary message b'[5/22/2021 13:47,No data received from row]'....
2023-09-24 22:51:41,552.SmartSmoker_Producer.INFO Prepared binary message b'[5/22/2021 13:47,No data received from row]'....
2023-09-24 22:51:41,584.SmartSmoker_Producer.INFO Prepared binary message b'[5/22/2021 13:47,35.3]'....
2023-09-24 22:52:11,606.SmartSmoker_Producer.INFO Prepared binary message b'[5/22/2021 13:48,230.0]'....
2023-09-24 22:52:11,641.SmartSmoker_Producer.INFO Prepared binary message b'[5/22/2021 13:48,No data received from row]'....
2023-09-24 22:52:11,662.SmartSmoker_Producer.INFO Prepared binary message b'[5/22/2021 13:48,No data received from row]'....
2023-09-24 22:52:41,689.SmartSmoker_Producer.INFO Prepared binary message b'[5/22/2021 13:48,230.0]'....
2023-09-24 22:52:41,714.SmartSmoker_Producer.INFO Prepared binary message b'[5/22/2021 13:48,No data received from row]'....
2023-09-24 22:52:41,745.SmartSmoker_Producer.INFO Prepared binary message b'[5/22/2021 13:48,No data received from row]'....
2023-09-24 22:53:11,782.SmartSmoker_Producer.INFO Prepared binary message b'[5/22/2021 13:48,No data received from row]'....
2023-09-24 22:53:11,813.SmartSmoker_Producer.INFO Prepared binary message b'[5/22/2021 13:48,36.9]'....
2023-09-24 22:53:11,833.SmartSmoker_Producer.INFO Prepared binary message b'[5/22/2021 13:48,No data received from row]'....
2023-09-24 22:53:41,852.SmartSmoker_Producer.INFO Prepared binary message b'[5/22/2021 13:48,No data received from row]'....
2023-09-24 22:53:41,873.SmartSmoker_Producer.INFO Prepared binary message b'[5/22/2021 13:48,36.9]'....
2023-09-24 22:53:41,885.SmartSmoker_Producer.INFO Prepared binary message b'[5/22/2021 13:48,35.2]'....
2023-09-24 22:54:11,914.SmartSmoker_Producer.INFO Prepared binary message b'[5/22/2021 13:48,No data received from row]'....
2023-09-24 22:54:11,947.SmartSmoker_Producer.INFO Prepared binary message b'[5/22/2021 13:48,No data received from row]'....
2023-09-24 22:54:11,975.SmartSmoker_Producer.INFO Prepared binary message b'[5/22/2021 13:48,35.2]'....
2023-09-24 22:54:42,010.SmartSmoker_Producer.INFO Prepared binary message b'[5/22/2021 13:49,239.6]'....
2023-09-24 22:54:42,019.SmartSmoker_Producer.INFO Prepared binary message b'[5/22/2021 13:49,No data received from row]'....
2023-09-24 22:54:42,032.SmartSmoker_Producer.INFO Prepared binary message b'[5/22/2021 13:49,No data received from row]'....
2023-09-24 22:55:12,053.SmartSmoker_Producer.INFO Prepared binary message b'[5/22/2021 13:49,239.6]'....
2023-09-24 22:55:12,067.SmartSmoker_Producer.INFO Prepared binary message b'[5/22/2021 13:49,No data received from row]'....
2023-09-24 22:55:12,079.SmartSmoker_Producer.INFO Prepared binary message b'[5/22/2021 13:49,No data received from row]'....
2023-09-24 22:55:42,098.SmartSmoker_Producer.INFO Prepared binary message b'[5/22/2021 13:49,No data received from row]'....
2023-09-24 22:55:42,130.SmartSmoker_Producer.INFO Prepared binary message b'[5/22/2021 13:49,36.9]'....
2023-09-24 22:55:42,155.SmartSmoker_Producer.INFO Prepared binary message b'[5/22/2021 13:49,No data received from row]'....
2023-09-24 22:56:12,187.SmartSmoker_Producer.INFO Prepared binary message b'[5/22/2021 13:49,No data received from row]'....
2023-09-24 22:56:12,220.SmartSmoker_Producer.INFO Prepared binary message b'[5/22/2021 13:49,36.9]'....
2023-09-24 22:56:12,247.SmartSmoker_Producer.INFO Prepared binary message b'[5/22/2021 13:49,35.3]'....
2023-09-24 22:56:42,281.SmartSmoker_Producer.INFO Prepared binary message b'[5/22/2021 13:49,No data received from row]'....
2023-09-24 22:56:42,350.SmartSmoker_Producer.INFO Prepared binary message b'[5/22/2021 13:49,No data received from row]'....
2023-09-24 22:56:42,358.SmartSmoker_Producer.INFO Prepared binary message b'[5/22/2021 13:49,35.3]'....
2023-09-24 22:57:12,377.SmartSmoker_Producer.INFO Prepared binary message b'[5/22/2021 13:50,242.4]'....
2023-09-24 22:57:12,409.SmartSmoker_Producer.INFO Prepared binary message b'[5/22/2021 13:50,No data received from row]'....
2023-09-24 22:57:12,435.SmartSmoker_Producer.INFO Prepared binary message b'[5/22/2021 13:50,No data received from row]'....
2023-09-24 22:57:42,470.SmartSmoker_Producer.INFO Prepared binary message b'[5/22/2021 13:50,242.4]'....
2023-09-24 22:57:42,504.SmartSmoker_Producer.INFO Prepared binary message b'[5/22/2021 13:50,No data received from row]'....
2023-09-24 22:57:42,525.SmartSmoker_Producer.INFO Prepared binary message b'[5/22/2021 13:50,No data received from row]'....
2023-09-24 22:58:12,551.SmartSmoker_Producer.INFO Prepared binary message b'[5/22/2021 13:50,No data received from row]'....
2023-09-24 22:58:12,570.SmartSmoker_Producer.INFO Prepared binary message b'[5/22/2021 13:50,37.2]'....
2023-09-24 22:58:12,574.SmartSmoker_Producer.INFO Prepared binary message b'[5/22/2021 13:50,No data received from row]'....
2023-09-24 22:58:42,617.SmartSmoker_Producer.INFO Prepared binary message b'[5/22/2021 13:50,No data received from row]'....
2023-09-24 22:58:42,637.SmartSmoker_Producer.INFO Prepared binary message b'[5/22/2021 13:50,37.2]'....
2023-09-24 22:58:42,669.SmartSmoker_Producer.INFO Prepared binary message b'[5/22/2021 13:50,35.2]'....
2023-09-24 22:59:12,693.SmartSmoker_Producer.INFO Prepared binary message b'[5/22/2021 13:50,No data received from row]'....
2023-09-24 22:59:12,702.SmartSmoker_Producer.INFO Prepared binary message b'[5/22/2021 13:50,No data received from row]'....
2023-09-24 22:59:12,714.SmartSmoker_Producer.INFO Prepared binary message b'[5/22/2021 13:50,35.2]'....
2023-09-24 22:59:42,740.SmartSmoker_Producer.INFO Prepared binary message b'[5/22/2021 13:51,243.1]'....
2023-09-24 22:59:42,752.SmartSmoker_Producer.INFO Prepared binary message b'[5/22/2021 13:51,No data received from row]'....
2023-09-24 22:59:42,762.SmartSmoker_Producer.INFO Prepared binary message b'[5/22/2021 13:51,No data received from row]'....
2023-09-24 23:00:12,771.SmartSmoker_Producer.INFO Prepared binary message b'[5/22/2021 13:51,243.1]'....
2023-09-24 23:00:12,829.SmartSmoker_Producer.INFO Prepared binary message b'[5/22/2021 13:51,No data received from row]'....
2023-09-24 23:00:12,839.SmartSmoker_Producer.INFO Prepared binary message b'[5/22/2021 13:51,No data received from row]'....
2023-09-24 23:00:42,864.SmartSmoker_Producer.INFO Prepared binary message b'[5/22/2021 13:51,No data received from row]'....
2023-09-24 23:00:42,874.SmartSmoker_Producer.INFO Prepared binary message b'[5/22/2021 13:51,37.5]'....
2023-09-24 23:00:42,884.SmartSmoker_Producer.INFO Prepared binary message b'[5/22/2021 13:51,No data received from row]'....
2023-09-24 23:01:12,903.SmartSmoker_Producer.INFO Prepared binary message b'[5/22/2021 13:51,No data received from row]'....
2023-09-24 23:01:12,919.SmartSmoker_Producer.INFO Prepared binary message b'[5/22/2021 13:51,37.5]'....
2023-09-24 23:01:12,936.SmartSmoker_Producer.INFO Prepared binary message b'[5/22/2021 13:51,35.2]'....
2023-09-24 23:01:42,958.SmartSmoker_Producer.INFO Prepared binary message b'[5/22/2021 13:51,No data received from row]'....
2023-09-24 23:01:42,991.SmartSmoker_Producer.INFO Prepared binary message b'[5/22/2021 13:51,No data received from row]'....
2023-09-24 23:01:43,017.SmartSmoker_Producer.INFO Prepared binary message b'[5/22/2021 13:51,35.2]'....
2023-09-24 23:02:13,044.SmartSmoker_Producer.INFO Prepared binary message b'[5/22/2021 13:52,242.6]'....
2023-09-24 23:02:13,080.SmartSmoker_Producer.INFO Prepared binary message b'[5/22/2021 13:52,No data received from row]'....
2023-09-24 23:02:13,101.SmartSmoker_Producer.INFO Prepared binary message b'[5/22/2021 13:52,No data received from row]'....
2023-09-24 23:02:43,140.SmartSmoker_Producer.INFO Prepared binary message b'[5/22/2021 13:52,242.6]'....
2023-09-24 23:02:43,171.SmartSmoker_Producer.INFO Prepared binary message b'[5/22/2021 13:52,No data received from row]'....
2023-09-24 23:02:43,200.SmartSmoker_Producer.INFO Prepared binary message b'[5/22/2021 13:52,No data received from row]'....
2023-09-24 23:03:13,220.SmartSmoker_Producer.INFO Prepared binary message b'[5/22/2021 13:52,No data received from row]'....
2023-09-24 23:03:13,230.SmartSmoker_Producer.INFO Prepared binary message b'[5/22/2021 13:52,37.9]'....
2023-09-24 23:03:13,238.SmartSmoker_Producer.INFO Prepared binary message b'[5/22/2021 13:52,No data received from row]'....
2023-09-24 23:03:43,250.SmartSmoker_Producer.INFO Prepared binary message b'[5/22/2021 13:52,No data received from row]'....
2023-09-24 23:03:43,261.SmartSmoker_Producer.INFO Prepared binary message b'[5/22/2021 13:52,37.9]'....
2023-09-24 23:03:43,272.SmartSmoker_Producer.INFO Prepared binary message b'[5/22/2021 13:52,35.6]'....
2023-09-24 23:04:13,297.SmartSmoker_Producer.INFO Prepared binary message b'[5/22/2021 13:52,No data received from row]'....
2023-09-24 23:04:13,306.SmartSmoker_Producer.INFO Prepared binary message b'[5/22/2021 13:52,No data received from row]'....
2023-09-24 23:04:13,317.SmartSmoker_Producer.INFO Prepared binary message b'[5/22/2021 13:52,35.6]'....
2023-09-24 23:04:43,327.SmartSmoker_Producer.INFO Prepared binary message b'[5/22/2021 13:53,241.7]'....
2023-09-24 23:04:43,347.SmartSmoker_Producer.INFO Prepared binary message b'[5/22/2021 13:53,No data received from row]'....
2023-09-24 23:04:43,379.SmartSmoker_Producer.INFO Prepared binary message b'[5/22/2021 13:53,No data received from row]'....
2023-09-24 23:05:13,438.SmartSmoker_Producer.INFO Prepared binary message b'[5/22/2021 13:53,241.7]'....
2023-09-24 23:05:13,469.SmartSmoker_Producer.INFO Prepared binary message b'[5/22/2021 13:53,No data received from row]'....
2023-09-24 23:05:13,491.SmartSmoker_Producer.INFO Prepared binary message b'[5/22/2021 13:53,No data received from row]'....
2023-09-24 23:05:43,516.SmartSmoker_Producer.INFO Prepared binary message b'[5/22/2021 13:53,No data received from row]'....
2023-09-24 23:05:43,542.SmartSmoker_Producer.INFO Prepared binary message b'[5/22/2021 13:53,38.4]'....
2023-09-24 23:05:43,571.SmartSmoker_Producer.INFO Prepared binary message b'[5/22/2021 13:53,No data received from row]'....
2023-09-24 23:06:13,615.SmartSmoker_Producer.INFO Prepared binary message b'[5/22/2021 13:53,No data received from row]'....
2023-09-24 23:06:13,637.SmartSmoker_Producer.INFO Prepared binary message b'[5/22/2021 13:53,38.4]'....
2023-09-24 23:06:13,652.SmartSmoker_Producer.INFO Prepared binary message b'[5/22/2021 13:53,35.7]'....
2023-09-24 23:06:43,674.SmartSmoker_Producer.INFO Prepared binary message b'[5/22/2021 13:53,No data received from row]'....
2023-09-24 23:06:43,705.SmartSmoker_Producer.INFO Prepared binary message b'[5/22/2021 13:53,No data received from row]'....
2023-09-24 23:06:43,729.SmartSmoker_Producer.INFO Prepared binary message b'[5/22/2021 13:53,35.7]'....
2023-09-24 23:07:13,750.SmartSmoker_Producer.INFO Prepared binary message b'[5/22/2021 13:54,241.4]'....
2023-09-24 23:07:13,788.SmartSmoker_Producer.INFO Prepared binary message b'[5/22/2021 13:54,No data received from row]'....
2023-09-24 23:07:13,814.SmartSmoker_Producer.INFO Prepared binary message b'[5/22/2021 13:54,No data received from row]'....
2023-09-24 23:07:43,844.SmartSmoker_Producer.INFO Prepared binary message b'[5/22/2021 13:54,241.4]'....
2023-09-24 23:07:43,853.SmartSmoker_Producer.INFO Prepared binary message b'[5/22/2021 13:54,No data received from row]'....
2023-09-24 23:07:43,865.SmartSmoker_Producer.INFO Prepared binary message b'[5/22/2021 13:54,No data received from row]'....
2023-09-24 23:08:13,877.SmartSmoker_Producer.INFO Prepared binary message b'[5/22/2021 13:54,No data received from row]'....
2023-09-24 23:08:13,910.SmartSmoker_Producer.INFO Prepared binary message b'[5/22/2021 13:54,39.1]'....
2023-09-24 23:08:13,926.SmartSmoker_Producer.INFO Prepared binary message b'[5/22/2021 13:54,No data received from row]'....
2023-09-24 23:08:43,962.SmartSmoker_Producer.INFO Prepared binary message b'[5/22/2021 13:54,No data received from row]'....
2023-09-24 23:08:43,988.SmartSmoker_Producer.INFO Prepared binary message b'[5/22/2021 13:54,39.1]'....
2023-09-24 23:08:44,018.SmartSmoker_Producer.INFO Prepared binary message b'[5/22/2021 13:54,36.0]'....
2023-09-24 23:09:14,060.SmartSmoker_Producer.INFO Prepared binary message b'[5/22/2021 13:54,No data received from row]'....
2023-09-24 23:09:14,090.SmartSmoker_Producer.INFO Prepared binary message b'[5/22/2021 13:54,No data received from row]'....
2023-09-24 23:09:14,112.SmartSmoker_Producer.INFO Prepared binary message b'[5/22/2021 13:54,36.0]'....
2023-09-24 23:09:44,139.SmartSmoker_Producer.INFO Prepared binary message b'[5/22/2021 13:55,242.1]'....
2023-09-24 23:09:44,165.SmartSmoker_Producer.INFO Prepared binary message b'[5/22/2021 13:55,No data received from row]'....
2023-09-24 23:09:44,192.SmartSmoker_Producer.INFO Prepared binary message b'[5/22/2021 13:55,No data received from row]'....
2023-09-24 23:10:14,211.SmartSmoker_Producer.INFO Prepared binary message b'[5/22/2021 13:55,242.1]'....
2023-09-24 23:10:14,245.SmartSmoker_Producer.INFO Prepared binary message b'[5/22/2021 13:55,No data received from row]'....
2023-09-24 23:10:14,277.SmartSmoker_Producer.INFO Prepared binary message b'[5/22/2021 13:55,No data received from row]'....
2023-09-24 23:10:44,318.SmartSmoker_Producer.INFO Prepared binary message b'[5/22/2021 13:55,No data received from row]'....
2023-09-24 23:10:44,338.SmartSmoker_Producer.INFO Prepared binary message b'[5/22/2021 13:55,39.9]'....
2023-09-24 23:10:44,374.SmartSmoker_Producer.INFO Prepared binary message b'[5/22/2021 13:55,No data received from row]'....
2023-09-24 23:11:14,420.SmartSmoker_Producer.INFO Prepared binary message b'[5/22/2021 13:55,No data received from row]'....
2023-09-24 23:11:14,451.SmartSmoker_Producer.INFO Prepared binary message b'[5/22/2021 13:55,39.9]'....
2023-09-24 23:11:14,476.SmartSmoker_Producer.INFO Prepared binary message b'[5/22/2021 13:55,36.0]'....
2023-09-24 23:11:44,496.SmartSmoker_Producer.INFO Prepared binary message b'[5/22/2021 13:55,No data received from row]'....
2023-09-24 23:11:44,511.SmartSmoker_Producer.INFO Prepared binary message b'[5/22/2021 13:55,No data received from row]'....
2023-09-24 23:11:44,528.SmartSmoker_Producer.INFO Prepared binary message b'[5/22/2021 13:55,36.0]'....
2023-09-24 23:12:14,533.SmartSmoker_Producer.INFO Prepared binary message b'[5/22/2021 13:56,241.9]'....
2023-09-24 23:12:14,568.SmartSmoker_Producer.INFO Prepared binary message b'[5/22/2021 13:56,No data received from row]'....
2023-09-24 23:12:14,597.SmartSmoker_Producer.INFO Prepared binary message b'[5/22/2021 13:56,No data received from row]'....
2023-09-24 23:12:44,629.SmartSmoker_Producer.INFO Prepared binary message b'[5/22/2021 13:56,241.9]'....
2023-09-24 23:12:44,657.SmartSmoker_Producer.INFO Prepared binary message b'[5/22/2021 13:56,No data received from row]'....
2023-09-24 23:12:44,679.SmartSmoker_Producer.INFO Prepared binary message b'[5/22/2021 13:56,No data received from row]'....
2023-09-24 23:13:14,697.SmartSmoker_Producer.INFO Prepared binary message b'[5/22/2021 13:56,No data received from row]'....
2023-09-24 23:13:14,724.SmartSmoker_Producer.INFO Prepared binary message b'[5/22/2021 13:56,40.6]'....
2023-09-24 23:13:14,753.SmartSmoker_Producer.INFO Prepared binary message b'[5/22/2021 13:56,No data received from row]'....
2023-09-24 23:13:44,780.SmartSmoker_Producer.INFO Prepared binary message b'[5/22/2021 13:56,No data received from row]'....
2023-09-24 23:13:44,802.SmartSmoker_Producer.INFO Prepared binary message b'[5/22/2021 13:56,40.6]'....
2023-09-24 23:13:44,817.SmartSmoker_Producer.INFO Prepared binary message b'[5/22/2021 13:56,36.4]'....
2023-09-24 23:14:14,863.SmartSmoker_Producer.INFO Prepared binary message b'[5/22/2021 13:56,No data received from row]'....
2023-09-24 23:14:14,892.SmartSmoker_Producer.INFO Prepared binary message b'[5/22/2021 13:56,No data received from row]'....
2023-09-24 23:14:14,913.SmartSmoker_Producer.INFO Prepared binary message b'[5/22/2021 13:56,36.4]'....
2023-09-24 23:14:44,939.SmartSmoker_Producer.INFO Prepared binary message b'[5/22/2021 13:57,242.1]'....
2023-09-24 23:14:44,973.SmartSmoker_Producer.INFO Prepared binary message b'[5/22/2021 13:57,No data received from row]'....
2023-09-24 23:14:44,993.SmartSmoker_Producer.INFO Prepared binary message b'[5/22/2021 13:57,No data received from row]'....
2023-09-24 23:15:15,021.SmartSmoker_Producer.INFO Prepared binary message b'[5/22/2021 13:57,242.1]'....
2023-09-24 23:15:15,054.SmartSmoker_Producer.INFO Prepared binary message b'[5/22/2021 13:57,No data received from row]'....
2023-09-24 23:15:15,088.SmartSmoker_Producer.INFO Prepared binary message b'[5/22/2021 13:57,No data received from row]'....
2023-09-24 23:15:45,117.SmartSmoker_Producer.INFO Prepared binary message b'[5/22/2021 13:57,No data received from row]'....
2023-09-24 23:15:45,130.SmartSmoker_Producer.INFO Prepared binary message b'[5/22/2021 13:57,41.4]'....
2023-09-24 23:15:45,138.SmartSmoker_Producer.INFO Prepared binary message b'[5/22/2021 13:57,No data received from row]'....
2023-09-24 23:16:15,181.SmartSmoker_Producer.INFO Prepared binary message b'[5/22/2021 13:57,No data received from row]'....
2023-09-24 23:16:15,200.SmartSmoker_Producer.INFO Prepared binary message b'[5/22/2021 13:57,41.4]'....
2023-09-24 23:16:15,233.SmartSmoker_Producer.INFO Prepared binary message b'[5/22/2021 13:57,36.7]'....
2023-09-24 23:16:45,275.SmartSmoker_Producer.INFO Prepared binary message b'[5/22/2021 13:57,No data received from row]'....
2023-09-24 23:16:45,308.SmartSmoker_Producer.INFO Prepared binary message b'[5/22/2021 13:57,No data received from row]'....
2023-09-24 23:16:45,340.SmartSmoker_Producer.INFO Prepared binary message b'[5/22/2021 13:57,36.7]'....
2023-09-24 23:17:15,374.SmartSmoker_Producer.INFO Prepared binary message b'[5/22/2021 13:58,240.4]'....
2023-09-24 23:17:15,395.SmartSmoker_Producer.INFO Prepared binary message b'[5/22/2021 13:58,No data received from row]'....
2023-09-24 23:17:15,426.SmartSmoker_Producer.INFO Prepared binary message b'[5/22/2021 13:58,No data received from row]'....
2023-09-24 23:17:45,460.SmartSmoker_Producer.INFO Prepared binary message b'[5/22/2021 13:58,240.4]'....
2023-09-24 23:17:45,499.SmartSmoker_Producer.INFO Prepared binary message b'[5/22/2021 13:58,No data received from row]'....
2023-09-24 23:17:45,523.SmartSmoker_Producer.INFO Prepared binary message b'[5/22/2021 13:58,No data received from row]'....
2023-09-24 23:18:15,536.SmartSmoker_Producer.INFO Prepared binary message b'[5/22/2021 13:58,No data received from row]'....
2023-09-24 23:18:15,569.SmartSmoker_Producer.INFO Prepared binary message b'[5/22/2021 13:58,42.2]'....
2023-09-24 23:18:15,590.SmartSmoker_Producer.INFO Prepared binary message b'[5/22/2021 13:58,No data received from row]'....
